{"meta": {"format": 3, "version": "7.13.1", "timestamp": "2026-01-13T17:02:06.934417", "branch_coverage": false, "show_contexts": false}, "files": {"scptensor/__init__.py": {"executed_lines": [42, 43, 44, 49, 64, 96, 106, 111, 123, 133, 143, 159, 167, 174, 187, 199, 225, 237, 244, 251], "summary": {"covered_lines": 20, "num_statements": 20, "percent_covered": 100.0, "percent_covered_display": "100", "missing_lines": 0, "excluded_lines": 0, "percent_statements_covered": 100.0, "percent_statements_covered_display": "100"}, "missing_lines": [], "excluded_lines": [], "functions": {"": {"executed_lines": [42, 43, 44, 49, 64, 96, 106, 111, 123, 133, 143, 159, 167, 174, 187, 199, 225, 237, 244, 251], "summary": {"covered_lines": 20, "num_statements": 20, "percent_covered": 100.0, "percent_covered_display": "100", "missing_lines": 0, "excluded_lines": 0, "percent_statements_covered": 100.0, "percent_statements_covered_display": "100"}, "missing_lines": [], "excluded_lines": [], "start_line": 1}}, "classes": {"": {"executed_lines": [42, 43, 44, 49, 64, 96, 106, 111, 123, 133, 143, 159, 167, 174, 187, 199, 225, 237, 244, 251], "summary": {"covered_lines": 20, "num_statements": 20, "percent_covered": 100.0, "percent_covered_display": "100", "missing_lines": 0, "excluded_lines": 0, "percent_statements_covered": 100.0, "percent_statements_covered_display": "100"}, "missing_lines": [], "excluded_lines": [], "start_line": 1}}}, "scptensor/benchmark/__init__.py": {"executed_lines": [1, 2, 9, 10, 11, 12, 13, 19, 20, 22], "summary": {"covered_lines": 10, "num_statements": 10, "percent_covered": 100.0, "percent_covered_display": "100", "missing_lines": 0, "excluded_lines": 0, "percent_statements_covered": 100.0, "percent_statements_covered_display": "100"}, "missing_lines": [], "excluded_lines": [], "functions": {"": {"executed_lines": [1, 2, 9, 10, 11, 12, 13, 19, 20, 22], "summary": {"covered_lines": 10, "num_statements": 10, "percent_covered": 100.0, "percent_covered_display": "100", "missing_lines": 0, "excluded_lines": 0, "percent_statements_covered": 100.0, "percent_statements_covered_display": "100"}, "missing_lines": [], "excluded_lines": [], "start_line": 1}}, "classes": {"": {"executed_lines": [1, 2, 9, 10, 11, 12, 13, 19, 20, 22], "summary": {"covered_lines": 10, "num_statements": 10, "percent_covered": 100.0, "percent_covered_display": "100", "missing_lines": 0, "excluded_lines": 0, "percent_statements_covered": 100.0, "percent_statements_covered_display": "100"}, "missing_lines": [], "excluded_lines": [], "start_line": 1}}}, "scptensor/benchmark/benchmark_suite.py": {"executed_lines": [5, 6, 8, 10, 12, 13, 14, 17, 26, 51, 57, 104, 153, 199, 236, 305], "summary": {"covered_lines": 16, "num_statements": 105, "percent_covered": 15.238095238095237, "percent_covered_display": "15", "missing_lines": 89, "excluded_lines": 0, "percent_statements_covered": 15.238095238095237, "percent_statements_covered_display": "15"}, "missing_lines": [42, 43, 44, 45, 46, 49, 53, 54, 55, 74, 75, 77, 80, 81, 83, 84, 85, 86, 88, 89, 92, 93, 95, 98, 100, 102, 121, 122, 124, 125, 127, 131, 133, 136, 137, 140, 142, 143, 145, 147, 149, 151, 167, 168, 170, 171, 174, 175, 176, 178, 179, 181, 182, 184, 187, 189, 190, 191, 193, 194, 195, 197, 209, 210, 211, 217, 225, 227, 234, 251, 256, 257, 258, 261, 264, 267, 269, 271, 274, 277, 279, 281, 284, 298, 300, 302, 303, 308, 310], "excluded_lines": [], "functions": {"BenchmarkSuite.__init__": {"executed_lines": [], "summary": {"covered_lines": 0, "num_statements": 6, "percent_covered": 0.0, "percent_covered_display": "0", "missing_lines": 6, "excluded_lines": 0, "percent_statements_covered": 0.0, "percent_statements_covered_display": "0"}, "missing_lines": [42, 43, 44, 45, 46, 49], "excluded_lines": [], "start_line": 26}, "BenchmarkSuite._validate_methods": {"executed_lines": [], "summary": {"covered_lines": 0, "num_statements": 3, "percent_covered": 0.0, "percent_covered_display": "0", "missing_lines": 3, "excluded_lines": 0, "percent_statements_covered": 0.0, "percent_statements_covered_display": "0"}, "missing_lines": [53, 54, 55], "excluded_lines": [], "start_line": 51}, "BenchmarkSuite.run_method_comparison": {"executed_lines": [], "summary": {"covered_lines": 0, "num_statements": 17, "percent_covered": 0.0, "percent_covered_display": "0", "missing_lines": 17, "excluded_lines": 0, "percent_statements_covered": 0.0, "percent_statements_covered_display": "0"}, "missing_lines": [74, 75, 77, 80, 81, 83, 84, 85, 86, 88, 89, 92, 93, 95, 98, 100, 102], "excluded_lines": [], "start_line": 57}, "BenchmarkSuite.run_parameter_optimization": {"executed_lines": [], "summary": {"covered_lines": 0, "num_statements": 16, "percent_covered": 0.0, "percent_covered_display": "0", "missing_lines": 16, "excluded_lines": 0, "percent_statements_covered": 0.0, "percent_statements_covered_display": "0"}, "missing_lines": [121, 122, 124, 125, 127, 131, 133, 136, 137, 140, 142, 143, 145, 147, 149, 151], "excluded_lines": [], "start_line": 104}, "BenchmarkSuite._optimize_method_parameters": {"executed_lines": [], "summary": {"covered_lines": 0, "num_statements": 20, "percent_covered": 0.0, "percent_covered_display": "0", "missing_lines": 20, "excluded_lines": 0, "percent_statements_covered": 0.0, "percent_statements_covered_display": "0"}, "missing_lines": [167, 168, 170, 171, 174, 175, 176, 178, 179, 181, 182, 184, 187, 189, 190, 191, 193, 194, 195, 197], "excluded_lines": [], "start_line": 153}, "BenchmarkSuite._compute_optimization_score": {"executed_lines": [], "summary": {"covered_lines": 0, "num_statements": 7, "percent_covered": 0.0, "percent_covered_display": "0", "missing_lines": 7, "excluded_lines": 0, "percent_statements_covered": 0.0, "percent_statements_covered_display": "0"}, "missing_lines": [209, 210, 211, 217, 225, 227, 234], "excluded_lines": [], "start_line": 199}, "BenchmarkSuite._run_method_on_dataset": {"executed_lines": [], "summary": {"covered_lines": 0, "num_statements": 18, "percent_covered": 0.0, "percent_covered_display": "0", "missing_lines": 18, "excluded_lines": 0, "percent_statements_covered": 0.0, "percent_statements_covered_display": "0"}, "missing_lines": [251, 256, 257, 258, 261, 264, 267, 269, 271, 274, 277, 279, 281, 284, 298, 300, 302, 303], "excluded_lines": [], "start_line": 236}, "BenchmarkSuite._deep_copy_container": {"executed_lines": [], "summary": {"covered_lines": 0, "num_statements": 2, "percent_covered": 0.0, "percent_covered_display": "0", "missing_lines": 2, "excluded_lines": 0, "percent_statements_covered": 0.0, "percent_statements_covered_display": "0"}, "missing_lines": [308, 310], "excluded_lines": [], "start_line": 305}, "": {"executed_lines": [5, 6, 8, 10, 12, 13, 14, 17, 26, 51, 57, 104, 153, 199, 236, 305], "summary": {"covered_lines": 16, "num_statements": 16, "percent_covered": 100.0, "percent_covered_display": "100", "missing_lines": 0, "excluded_lines": 0, "percent_statements_covered": 100.0, "percent_statements_covered_display": "100"}, "missing_lines": [], "excluded_lines": [], "start_line": 1}}, "classes": {"BenchmarkSuite": {"executed_lines": [], "summary": {"covered_lines": 0, "num_statements": 89, "percent_covered": 0.0, "percent_covered_display": "0", "missing_lines": 89, "excluded_lines": 0, "percent_statements_covered": 0.0, "percent_statements_covered_display": "0"}, "missing_lines": [42, 43, 44, 45, 46, 49, 53, 54, 55, 74, 75, 77, 80, 81, 83, 84, 85, 86, 88, 89, 92, 93, 95, 98, 100, 102, 121, 122, 124, 125, 127, 131, 133, 136, 137, 140, 142, 143, 145, 147, 149, 151, 167, 168, 170, 171, 174, 175, 176, 178, 179, 181, 182, 184, 187, 189, 190, 191, 193, 194, 195, 197, 209, 210, 211, 217, 225, 227, 234, 251, 256, 257, 258, 261, 264, 267, 269, 271, 274, 277, 279, 281, 284, 298, 300, 302, 303, 308, 310], "excluded_lines": [], "start_line": 17}, "": {"executed_lines": [5, 6, 8, 10, 12, 13, 14, 17, 26, 51, 57, 104, 153, 199, 236, 305], "summary": {"covered_lines": 16, "num_statements": 16, "percent_covered": 100.0, "percent_covered_display": "100", "missing_lines": 0, "excluded_lines": 0, "percent_statements_covered": 100.0, "percent_statements_covered_display": "100"}, "missing_lines": [], "excluded_lines": [], "start_line": 1}}}, "scptensor/benchmark/competitor_benchmark.py": {"executed_lines": [11, 12, 13, 15, 16, 17, 18, 19, 21, 24, 25, 28, 29, 30, 31, 32, 33, 34, 37, 40, 43, 47, 53, 78, 81, 83, 84, 102, 105, 107, 108, 131, 134, 136, 137, 166, 169, 171, 172, 198, 201, 203, 204, 231, 234, 236, 237, 291, 294, 296, 297, 322, 325, 327, 328, 358, 361, 363, 364, 394, 411, 419, 424, 442, 450, 452, 453, 492, 493, 512, 513, 553, 554], "summary": {"covered_lines": 73, "num_statements": 278, "percent_covered": 26.258992805755394, "percent_covered_display": "26", "missing_lines": 205, "excluded_lines": 0, "percent_statements_covered": 26.258992805755394, "percent_statements_covered_display": "26"}, "missing_lines": [41, 45, 49, 50, 64, 65, 67, 68, 69, 70, 86, 87, 88, 90, 91, 94, 96, 97, 99, 110, 112, 113, 114, 116, 119, 120, 123, 125, 126, 128, 139, 140, 141, 143, 146, 147, 150, 151, 153, 155, 156, 158, 174, 175, 176, 178, 180, 181, 182, 185, 186, 189, 190, 192, 193, 195, 206, 207, 208, 210, 211, 212, 213, 215, 216, 219, 222, 223, 225, 226, 228, 239, 240, 241, 243, 244, 245, 246, 248, 249, 252, 255, 256, 257, 258, 259, 261, 263, 265, 266, 268, 269, 270, 271, 274, 275, 277, 278, 280, 281, 283, 299, 300, 301, 303, 306, 307, 309, 310, 311, 313, 314, 316, 317, 319, 330, 331, 332, 334, 336, 337, 339, 342, 344, 345, 347, 348, 350, 366, 368, 369, 370, 372, 375, 376, 377, 378, 380, 381, 383, 384, 386, 413, 414, 415, 416, 421, 426, 433, 434, 463, 464, 465, 467, 470, 472, 473, 474, 476, 479, 482, 485, 487, 488, 490, 499, 500, 501, 503, 504, 505, 507, 508, 510, 523, 524, 525, 527, 530, 531, 532, 533, 534, 536, 537, 540, 543, 544, 546, 548, 549, 551, 565, 566, 567, 569, 572, 573, 574, 575, 577, 578, 580, 581, 583], "excluded_lines": [], "functions": {"MemoryTracker.__init__": {"executed_lines": [], "summary": {"covered_lines": 0, "num_statements": 1, "percent_covered": 0.0, "percent_covered_display": "0", "missing_lines": 1, "excluded_lines": 0, "percent_statements_covered": 0.0, "percent_statements_covered_display": "0"}, "missing_lines": [41], "excluded_lines": [], "start_line": 40}, "MemoryTracker.start": {"executed_lines": [], "summary": {"covered_lines": 0, "num_statements": 1, "percent_covered": 0.0, "percent_covered_display": "0", "missing_lines": 1, "excluded_lines": 0, "percent_statements_covered": 0.0, "percent_statements_covered_display": "0"}, "missing_lines": [45], "excluded_lines": [], "start_line": 43}, "MemoryTracker.stop": {"executed_lines": [], "summary": {"covered_lines": 0, "num_statements": 2, "percent_covered": 0.0, "percent_covered_display": "0", "missing_lines": 2, "excluded_lines": 0, "percent_statements_covered": 0.0, "percent_statements_covered_display": "0"}, "missing_lines": [49, 50], "excluded_lines": [], "start_line": 47}, "get_valid_data": {"executed_lines": [], "summary": {"covered_lines": 0, "num_statements": 6, "percent_covered": 0.0, "percent_covered_display": "0", "missing_lines": 6, "excluded_lines": 0, "percent_statements_covered": 0.0, "percent_statements_covered_display": "0"}, "missing_lines": [64, 65, 67, 68, 69, 70], "excluded_lines": [], "start_line": 53}, "NumpyLogNormalize.run": {"executed_lines": [], "summary": {"covered_lines": 0, "num_statements": 9, "percent_covered": 0.0, "percent_covered_display": "0", "missing_lines": 9, "excluded_lines": 0, "percent_statements_covered": 0.0, "percent_statements_covered_display": "0"}, "missing_lines": [86, 87, 88, 90, 91, 94, 96, 97, 99], "excluded_lines": [], "start_line": 84}, "SklearnStandardScaler.run": {"executed_lines": [], "summary": {"covered_lines": 0, "num_statements": 11, "percent_covered": 0.0, "percent_covered_display": "0", "missing_lines": 11, "excluded_lines": 0, "percent_statements_covered": 0.0, "percent_statements_covered_display": "0"}, "missing_lines": [110, 112, 113, 114, 116, 119, 120, 123, 125, 126, 128], "excluded_lines": [], "start_line": 108}, "ScipyZScore.run": {"executed_lines": [], "summary": {"covered_lines": 0, "num_statements": 12, "percent_covered": 0.0, "percent_covered_display": "0", "missing_lines": 12, "excluded_lines": 0, "percent_statements_covered": 0.0, "percent_statements_covered_display": "0"}, "missing_lines": [139, 140, 141, 143, 146, 147, 150, 151, 153, 155, 156, 158], "excluded_lines": [], "start_line": 137}, "SklearnKNNImputer.run": {"executed_lines": [], "summary": {"covered_lines": 0, "num_statements": 14, "percent_covered": 0.0, "percent_covered_display": "0", "missing_lines": 14, "excluded_lines": 0, "percent_statements_covered": 0.0, "percent_statements_covered_display": "0"}, "missing_lines": [174, 175, 176, 178, 180, 181, 182, 185, 186, 189, 190, 192, 193, 195], "excluded_lines": [], "start_line": 172}, "NumpyMeanImputer.run": {"executed_lines": [], "summary": {"covered_lines": 0, "num_statements": 15, "percent_covered": 0.0, "percent_covered_display": "0", "missing_lines": 15, "excluded_lines": 0, "percent_statements_covered": 0.0, "percent_statements_covered_display": "0"}, "missing_lines": [206, 207, 208, 210, 211, 212, 213, 215, 216, 219, 222, 223, 225, 226, 228], "excluded_lines": [], "start_line": 204}, "ScipySVDImputer.run": {"executed_lines": [], "summary": {"covered_lines": 0, "num_statements": 30, "percent_covered": 0.0, "percent_covered_display": "0", "missing_lines": 30, "excluded_lines": 0, "percent_statements_covered": 0.0, "percent_statements_covered_display": "0"}, "missing_lines": [239, 240, 241, 243, 244, 245, 246, 248, 249, 252, 255, 256, 257, 258, 259, 261, 263, 265, 266, 268, 269, 270, 271, 274, 275, 277, 278, 280, 281, 283], "excluded_lines": [], "start_line": 237}, "SklearnPCA.run": {"executed_lines": [], "summary": {"covered_lines": 0, "num_statements": 14, "percent_covered": 0.0, "percent_covered_display": "0", "missing_lines": 14, "excluded_lines": 0, "percent_statements_covered": 0.0, "percent_statements_covered_display": "0"}, "missing_lines": [299, 300, 301, 303, 306, 307, 309, 310, 311, 313, 314, 316, 317, 319], "excluded_lines": [], "start_line": 297}, "SparsePCA.run": {"executed_lines": [], "summary": {"covered_lines": 0, "num_statements": 13, "percent_covered": 0.0, "percent_covered_display": "0", "missing_lines": 13, "excluded_lines": 0, "percent_statements_covered": 0.0, "percent_statements_covered_display": "0"}, "missing_lines": [330, 331, 332, 334, 336, 337, 339, 342, 344, 345, 347, 348, 350], "excluded_lines": [], "start_line": 328}, "SklearnKMeans.run": {"executed_lines": [], "summary": {"covered_lines": 0, "num_statements": 14, "percent_covered": 0.0, "percent_covered_display": "0", "missing_lines": 14, "excluded_lines": 0, "percent_statements_covered": 0.0, "percent_statements_covered_display": "0"}, "missing_lines": [366, 368, 369, 370, 372, 375, 376, 377, 378, 380, 381, 383, 384, 386], "excluded_lines": [], "start_line": 364}, "get_competitor": {"executed_lines": [], "summary": {"covered_lines": 0, "num_statements": 4, "percent_covered": 0.0, "percent_covered_display": "0", "missing_lines": 4, "excluded_lines": 0, "percent_statements_covered": 0.0, "percent_statements_covered_display": "0"}, "missing_lines": [413, 414, 415, 416], "excluded_lines": [], "start_line": 411}, "list_competitors": {"executed_lines": [], "summary": {"covered_lines": 0, "num_statements": 1, "percent_covered": 0.0, "percent_covered_display": "0", "missing_lines": 1, "excluded_lines": 0, "percent_statements_covered": 0.0, "percent_statements_covered_display": "0"}, "missing_lines": [421], "excluded_lines": [], "start_line": 419}, "get_competitors_by_operation": {"executed_lines": [], "summary": {"covered_lines": 0, "num_statements": 3, "percent_covered": 0.0, "percent_covered_display": "0", "missing_lines": 3, "excluded_lines": 0, "percent_statements_covered": 0.0, "percent_statements_covered_display": "0"}, "missing_lines": [426, 433, 434], "excluded_lines": [], "start_line": 424}, "ScanpyStyleOps.normalize_total": {"executed_lines": [], "summary": {"covered_lines": 0, "num_statements": 15, "percent_covered": 0.0, "percent_covered_display": "0", "missing_lines": 15, "excluded_lines": 0, "percent_statements_covered": 0.0, "percent_statements_covered_display": "0"}, "missing_lines": [463, 464, 465, 467, 470, 472, 473, 474, 476, 479, 482, 485, 487, 488, 490], "excluded_lines": [], "start_line": 453}, "ScanpyStyleOps.log1p": {"executed_lines": [], "summary": {"covered_lines": 0, "num_statements": 9, "percent_covered": 0.0, "percent_covered_display": "0", "missing_lines": 9, "excluded_lines": 0, "percent_statements_covered": 0.0, "percent_statements_covered_display": "0"}, "missing_lines": [499, 500, 501, 503, 504, 505, 507, 508, 510], "excluded_lines": [], "start_line": 493}, "ScanpyStyleOps.scale": {"executed_lines": [], "summary": {"covered_lines": 0, "num_statements": 18, "percent_covered": 0.0, "percent_covered_display": "0", "missing_lines": 18, "excluded_lines": 0, "percent_statements_covered": 0.0, "percent_statements_covered_display": "0"}, "missing_lines": [523, 524, 525, 527, 530, 531, 532, 533, 534, 536, 537, 540, 543, 544, 546, 548, 549, 551], "excluded_lines": [], "start_line": 513}, "ScanpyStyleOps.pca": {"executed_lines": [], "summary": {"covered_lines": 0, "num_statements": 13, "percent_covered": 0.0, "percent_covered_display": "0", "missing_lines": 13, "excluded_lines": 0, "percent_statements_covered": 0.0, "percent_statements_covered_display": "0"}, "missing_lines": [565, 566, 567, 569, 572, 573, 574, 575, 577, 578, 580, 581, 583], "excluded_lines": [], "start_line": 554}, "": {"executed_lines": [11, 12, 13, 15, 16, 17, 18, 19, 21, 24, 25, 28, 29, 30, 31, 32, 33, 34, 37, 40, 43, 47, 53, 78, 81, 83, 84, 102, 105, 107, 108, 131, 134, 136, 137, 166, 169, 171, 172, 198, 201, 203, 204, 231, 234, 236, 237, 291, 294, 296, 297, 322, 325, 327, 328, 358, 361, 363, 364, 394, 411, 419, 424, 442, 450, 452, 453, 492, 493, 512, 513, 553, 554], "summary": {"covered_lines": 73, "num_statements": 73, "percent_covered": 100.0, "percent_covered_display": "100", "missing_lines": 0, "excluded_lines": 0, "percent_statements_covered": 100.0, "percent_statements_covered_display": "100"}, "missing_lines": [], "excluded_lines": [], "start_line": 1}}, "classes": {"CompetitorResult": {"executed_lines": [], "summary": {"covered_lines": 0, "num_statements": 0, "percent_covered": 100.0, "percent_covered_display": "100", "missing_lines": 0, "excluded_lines": 0, "percent_statements_covered": 100.0, "percent_statements_covered_display": "100"}, "missing_lines": [], "excluded_lines": [], "start_line": 25}, "MemoryTracker": {"executed_lines": [], "summary": {"covered_lines": 0, "num_statements": 4, "percent_covered": 0.0, "percent_covered_display": "0", "missing_lines": 4, "excluded_lines": 0, "percent_statements_covered": 0.0, "percent_statements_covered_display": "0"}, "missing_lines": [41, 45, 49, 50], "excluded_lines": [], "start_line": 37}, "NumpyLogNormalize": {"executed_lines": [], "summary": {"covered_lines": 0, "num_statements": 9, "percent_covered": 0.0, "percent_covered_display": "0", "missing_lines": 9, "excluded_lines": 0, "percent_statements_covered": 0.0, "percent_statements_covered_display": "0"}, "missing_lines": [86, 87, 88, 90, 91, 94, 96, 97, 99], "excluded_lines": [], "start_line": 78}, "SklearnStandardScaler": {"executed_lines": [], "summary": {"covered_lines": 0, "num_statements": 11, "percent_covered": 0.0, "percent_covered_display": "0", "missing_lines": 11, "excluded_lines": 0, "percent_statements_covered": 0.0, "percent_statements_covered_display": "0"}, "missing_lines": [110, 112, 113, 114, 116, 119, 120, 123, 125, 126, 128], "excluded_lines": [], "start_line": 102}, "ScipyZScore": {"executed_lines": [], "summary": {"covered_lines": 0, "num_statements": 12, "percent_covered": 0.0, "percent_covered_display": "0", "missing_lines": 12, "excluded_lines": 0, "percent_statements_covered": 0.0, "percent_statements_covered_display": "0"}, "missing_lines": [139, 140, 141, 143, 146, 147, 150, 151, 153, 155, 156, 158], "excluded_lines": [], "start_line": 131}, "SklearnKNNImputer": {"executed_lines": [], "summary": {"covered_lines": 0, "num_statements": 14, "percent_covered": 0.0, "percent_covered_display": "0", "missing_lines": 14, "excluded_lines": 0, "percent_statements_covered": 0.0, "percent_statements_covered_display": "0"}, "missing_lines": [174, 175, 176, 178, 180, 181, 182, 185, 186, 189, 190, 192, 193, 195], "excluded_lines": [], "start_line": 166}, "NumpyMeanImputer": {"executed_lines": [], "summary": {"covered_lines": 0, "num_statements": 15, "percent_covered": 0.0, "percent_covered_display": "0", "missing_lines": 15, "excluded_lines": 0, "percent_statements_covered": 0.0, "percent_statements_covered_display": "0"}, "missing_lines": [206, 207, 208, 210, 211, 212, 213, 215, 216, 219, 222, 223, 225, 226, 228], "excluded_lines": [], "start_line": 198}, "ScipySVDImputer": {"executed_lines": [], "summary": {"covered_lines": 0, "num_statements": 30, "percent_covered": 0.0, "percent_covered_display": "0", "missing_lines": 30, "excluded_lines": 0, "percent_statements_covered": 0.0, "percent_statements_covered_display": "0"}, "missing_lines": [239, 240, 241, 243, 244, 245, 246, 248, 249, 252, 255, 256, 257, 258, 259, 261, 263, 265, 266, 268, 269, 270, 271, 274, 275, 277, 278, 280, 281, 283], "excluded_lines": [], "start_line": 231}, "SklearnPCA": {"executed_lines": [], "summary": {"covered_lines": 0, "num_statements": 14, "percent_covered": 0.0, "percent_covered_display": "0", "missing_lines": 14, "excluded_lines": 0, "percent_statements_covered": 0.0, "percent_statements_covered_display": "0"}, "missing_lines": [299, 300, 301, 303, 306, 307, 309, 310, 311, 313, 314, 316, 317, 319], "excluded_lines": [], "start_line": 291}, "SparsePCA": {"executed_lines": [], "summary": {"covered_lines": 0, "num_statements": 13, "percent_covered": 0.0, "percent_covered_display": "0", "missing_lines": 13, "excluded_lines": 0, "percent_statements_covered": 0.0, "percent_statements_covered_display": "0"}, "missing_lines": [330, 331, 332, 334, 336, 337, 339, 342, 344, 345, 347, 348, 350], "excluded_lines": [], "start_line": 322}, "SklearnKMeans": {"executed_lines": [], "summary": {"covered_lines": 0, "num_statements": 14, "percent_covered": 0.0, "percent_covered_display": "0", "missing_lines": 14, "excluded_lines": 0, "percent_statements_covered": 0.0, "percent_statements_covered_display": "0"}, "missing_lines": [366, 368, 369, 370, 372, 375, 376, 377, 378, 380, 381, 383, 384, 386], "excluded_lines": [], "start_line": 358}, "ScanpyStyleOps": {"executed_lines": [], "summary": {"covered_lines": 0, "num_statements": 55, "percent_covered": 0.0, "percent_covered_display": "0", "missing_lines": 55, "excluded_lines": 0, "percent_statements_covered": 0.0, "percent_statements_covered_display": "0"}, "missing_lines": [463, 464, 465, 467, 470, 472, 473, 474, 476, 479, 482, 485, 487, 488, 490, 499, 500, 501, 503, 504, 505, 507, 508, 510, 523, 524, 525, 527, 530, 531, 532, 533, 534, 536, 537, 540, 543, 544, 546, 548, 549, 551, 565, 566, 567, 569, 572, 573, 574, 575, 577, 578, 580, 581, 583], "excluded_lines": [], "start_line": 442}, "": {"executed_lines": [11, 12, 13, 15, 16, 17, 18, 19, 21, 24, 25, 28, 29, 30, 31, 32, 33, 34, 37, 40, 43, 47, 53, 78, 81, 83, 84, 102, 105, 107, 108, 131, 134, 136, 137, 166, 169, 171, 172, 198, 201, 203, 204, 231, 234, 236, 237, 291, 294, 296, 297, 322, 325, 327, 328, 358, 361, 363, 364, 394, 411, 419, 424, 442, 450, 452, 453, 492, 493, 512, 513, 553, 554], "summary": {"covered_lines": 73, "num_statements": 87, "percent_covered": 83.9080459770115, "percent_covered_display": "84", "missing_lines": 14, "excluded_lines": 0, "percent_statements_covered": 83.9080459770115, "percent_statements_covered_display": "84"}, "missing_lines": [64, 65, 67, 68, 69, 70, 413, 414, 415, 416, 421, 426, 433, 434], "excluded_lines": [], "start_line": 1}}}, "scptensor/benchmark/competitor_suite.py": {"executed_lines": [17, 18, 19, 20, 21, 22, 24, 25, 26, 27, 29, 30, 31, 32, 34, 45, 48, 49, 52, 53, 54, 55, 56, 57, 58, 59, 60, 61, 62, 65, 66, 69, 70, 71, 72, 73, 74, 75, 76, 79, 89, 107, 112, 150, 169, 228, 286, 343, 421, 485, 560, 585, 628, 680, 706, 727, 733], "summary": {"covered_lines": 57, "num_statements": 285, "percent_covered": 20.0, "percent_covered_display": "20", "missing_lines": 228, "excluded_lines": 0, "percent_statements_covered": 20.0, "percent_statements_covered_display": "20"}, "missing_lines": [101, 102, 103, 104, 105, 109, 110, 125, 126, 132, 134, 135, 136, 144, 145, 147, 148, 159, 160, 161, 162, 163, 178, 179, 182, 183, 184, 192, 193, 196, 199, 203, 204, 205, 207, 208, 210, 212, 213, 215, 237, 240, 243, 244, 247, 248, 249, 251, 252, 253, 254, 256, 257, 260, 261, 262, 264, 266, 267, 269, 295, 298, 303, 305, 306, 310, 311, 312, 314, 315, 317, 318, 321, 322, 323, 325, 327, 328, 330, 352, 355, 360, 361, 364, 365, 366, 369, 370, 371, 372, 373, 374, 376, 377, 378, 379, 380, 381, 382, 383, 384, 386, 387, 388, 389, 391, 392, 395, 396, 397, 399, 401, 402, 404, 430, 433, 438, 439, 442, 443, 444, 445, 447, 448, 449, 452, 453, 454, 456, 457, 460, 461, 462, 463, 465, 466, 468, 500, 501, 502, 503, 505, 506, 514, 515, 516, 518, 520, 522, 523, 524, 525, 527, 528, 530, 531, 532, 533, 535, 537, 538, 539, 540, 541, 542, 544, 546, 548, 549, 551, 553, 554, 555, 557, 558, 564, 572, 573, 576, 577, 579, 592, 594, 595, 596, 598, 599, 600, 602, 603, 604, 605, 608, 609, 610, 611, 613, 615, 626, 638, 641, 642, 643, 661, 662, 674, 675, 677, 678, 687, 688, 689, 690, 704, 708, 710, 711, 712, 714, 715, 716, 717, 718, 719, 720, 721, 723, 729], "excluded_lines": [], "functions": {"CompetitorBenchmarkSuite.__init__": {"executed_lines": [], "summary": {"covered_lines": 0, "num_statements": 5, "percent_covered": 0.0, "percent_covered_display": "0", "missing_lines": 5, "excluded_lines": 0, "percent_statements_covered": 0.0, "percent_statements_covered_display": "0"}, "missing_lines": [101, 102, 103, 104, 105], "excluded_lines": [], "start_line": 89}, "CompetitorBenchmarkSuite._log": {"executed_lines": [], "summary": {"covered_lines": 0, "num_statements": 2, "percent_covered": 0.0, "percent_covered_display": "0", "missing_lines": 2, "excluded_lines": 0, "percent_statements_covered": 0.0, "percent_statements_covered_display": "0"}, "missing_lines": [109, 110], "excluded_lines": [], "start_line": 107}, "CompetitorBenchmarkSuite.generate_test_datasets": {"executed_lines": [], "summary": {"covered_lines": 0, "num_statements": 10, "percent_covered": 0.0, "percent_covered_display": "0", "missing_lines": 10, "excluded_lines": 0, "percent_statements_covered": 0.0, "percent_statements_covered_display": "0"}, "missing_lines": [125, 126, 132, 134, 135, 136, 144, 145, 147, 148], "excluded_lines": [], "start_line": 112}, "CompetitorBenchmarkSuite.extract_matrix_data": {"executed_lines": [], "summary": {"covered_lines": 0, "num_statements": 5, "percent_covered": 0.0, "percent_covered_display": "0", "missing_lines": 5, "excluded_lines": 0, "percent_statements_covered": 0.0, "percent_statements_covered_display": "0"}, "missing_lines": [159, 160, 161, 162, 163], "excluded_lines": [], "start_line": 150}, "CompetitorBenchmarkSuite.benchmark_log_normalization": {"executed_lines": [], "summary": {"covered_lines": 0, "num_statements": 18, "percent_covered": 0.0, "percent_covered_display": "0", "missing_lines": 18, "excluded_lines": 0, "percent_statements_covered": 0.0, "percent_statements_covered_display": "0"}, "missing_lines": [178, 179, 182, 183, 184, 192, 193, 196, 199, 203, 204, 205, 207, 208, 210, 212, 213, 215], "excluded_lines": [], "start_line": 169}, "CompetitorBenchmarkSuite.benchmark_zscore_normalization": {"executed_lines": [], "summary": {"covered_lines": 0, "num_statements": 20, "percent_covered": 0.0, "percent_covered_display": "0", "missing_lines": 20, "excluded_lines": 0, "percent_statements_covered": 0.0, "percent_statements_covered_display": "0"}, "missing_lines": [237, 240, 243, 244, 247, 248, 249, 251, 252, 253, 254, 256, 257, 260, 261, 262, 264, 266, 267, 269], "excluded_lines": [], "start_line": 228}, "CompetitorBenchmarkSuite.benchmark_knn_imputation": {"executed_lines": [], "summary": {"covered_lines": 0, "num_statements": 19, "percent_covered": 0.0, "percent_covered_display": "0", "missing_lines": 19, "excluded_lines": 0, "percent_statements_covered": 0.0, "percent_statements_covered_display": "0"}, "missing_lines": [295, 298, 303, 305, 306, 310, 311, 312, 314, 315, 317, 318, 321, 322, 323, 325, 327, 328, 330], "excluded_lines": [], "start_line": 286}, "CompetitorBenchmarkSuite.benchmark_svd_imputation": {"executed_lines": [], "summary": {"covered_lines": 0, "num_statements": 35, "percent_covered": 0.0, "percent_covered_display": "0", "missing_lines": 35, "excluded_lines": 0, "percent_statements_covered": 0.0, "percent_statements_covered_display": "0"}, "missing_lines": [352, 355, 360, 361, 364, 365, 366, 369, 370, 371, 372, 373, 374, 376, 377, 378, 379, 380, 381, 382, 383, 384, 386, 387, 388, 389, 391, 392, 395, 396, 397, 399, 401, 402, 404], "excluded_lines": [], "start_line": 343}, "CompetitorBenchmarkSuite.benchmark_pca": {"executed_lines": [], "summary": {"covered_lines": 0, "num_statements": 23, "percent_covered": 0.0, "percent_covered_display": "0", "missing_lines": 23, "excluded_lines": 0, "percent_statements_covered": 0.0, "percent_statements_covered_display": "0"}, "missing_lines": [430, 433, 438, 439, 442, 443, 444, 445, 447, 448, 449, 452, 453, 454, 456, 457, 460, 461, 462, 463, 465, 466, 468], "excluded_lines": [], "start_line": 421}, "CompetitorBenchmarkSuite.run_all_benchmarks": {"executed_lines": [], "summary": {"covered_lines": 0, "num_statements": 38, "percent_covered": 0.0, "percent_covered_display": "0", "missing_lines": 38, "excluded_lines": 0, "percent_statements_covered": 0.0, "percent_statements_covered_display": "0"}, "missing_lines": [500, 501, 502, 503, 505, 506, 514, 515, 516, 518, 520, 522, 523, 524, 525, 527, 528, 530, 531, 532, 533, 535, 537, 538, 539, 540, 541, 542, 544, 546, 548, 549, 551, 553, 554, 555, 557, 558], "excluded_lines": [], "start_line": 485}, "CompetitorBenchmarkSuite._run_single_benchmark": {"executed_lines": [], "summary": {"covered_lines": 0, "num_statements": 6, "percent_covered": 0.0, "percent_covered_display": "0", "missing_lines": 6, "excluded_lines": 0, "percent_statements_covered": 0.0, "percent_statements_covered_display": "0"}, "missing_lines": [564, 572, 573, 576, 577, 579], "excluded_lines": [], "start_line": 560}, "CompetitorBenchmarkSuite.summarize_results": {"executed_lines": [], "summary": {"covered_lines": 0, "num_statements": 18, "percent_covered": 0.0, "percent_covered_display": "0", "missing_lines": 18, "excluded_lines": 0, "percent_statements_covered": 0.0, "percent_statements_covered_display": "0"}, "missing_lines": [592, 594, 595, 596, 598, 599, 600, 602, 603, 604, 605, 608, 609, 610, 611, 613, 615, 626], "excluded_lines": [], "start_line": 585}, "CompetitorBenchmarkSuite.save_results": {"executed_lines": [], "summary": {"covered_lines": 0, "num_statements": 10, "percent_covered": 0.0, "percent_covered_display": "0", "missing_lines": 10, "excluded_lines": 0, "percent_statements_covered": 0.0, "percent_statements_covered_display": "0"}, "missing_lines": [638, 641, 642, 643, 661, 662, 674, 675, 677, 678], "excluded_lines": [], "start_line": 628}, "CompetitorBenchmarkSuite.export_to_dataframe": {"executed_lines": [], "summary": {"covered_lines": 0, "num_statements": 5, "percent_covered": 0.0, "percent_covered_display": "0", "missing_lines": 5, "excluded_lines": 0, "percent_statements_covered": 0.0, "percent_statements_covered_display": "0"}, "missing_lines": [687, 688, 689, 690, 704], "excluded_lines": [], "start_line": 680}, "CompetitorBenchmarkSuite.print_summary": {"executed_lines": [], "summary": {"covered_lines": 0, "num_statements": 13, "percent_covered": 0.0, "percent_covered_display": "0", "missing_lines": 13, "excluded_lines": 0, "percent_statements_covered": 0.0, "percent_statements_covered_display": "0"}, "missing_lines": [708, 710, 711, 712, 714, 715, 716, 717, 718, 719, 720, 721, 723], "excluded_lines": [], "start_line": 706}, "benchmark_imputation_knn": {"executed_lines": [], "summary": {"covered_lines": 0, "num_statements": 1, "percent_covered": 0.0, "percent_covered_display": "0", "missing_lines": 1, "excluded_lines": 0, "percent_statements_covered": 0.0, "percent_statements_covered_display": "0"}, "missing_lines": [729], "excluded_lines": [], "start_line": 727}, "": {"executed_lines": [17, 18, 19, 20, 21, 22, 24, 25, 26, 27, 29, 30, 31, 32, 34, 45, 48, 49, 52, 53, 54, 55, 56, 57, 58, 59, 60, 61, 62, 65, 66, 69, 70, 71, 72, 73, 74, 75, 76, 79, 89, 107, 112, 150, 169, 228, 286, 343, 421, 485, 560, 585, 628, 680, 706, 727, 733], "summary": {"covered_lines": 57, "num_statements": 57, "percent_covered": 100.0, "percent_covered_display": "100", "missing_lines": 0, "excluded_lines": 0, "percent_statements_covered": 100.0, "percent_statements_covered_display": "100"}, "missing_lines": [], "excluded_lines": [], "start_line": 1}}, "classes": {"ComparisonResult": {"executed_lines": [], "summary": {"covered_lines": 0, "num_statements": 0, "percent_covered": 100.0, "percent_covered_display": "100", "missing_lines": 0, "excluded_lines": 0, "percent_statements_covered": 100.0, "percent_statements_covered_display": "100"}, "missing_lines": [], "excluded_lines": [], "start_line": 49}, "BenchmarkSummary": {"executed_lines": [], "summary": {"covered_lines": 0, "num_statements": 0, "percent_covered": 100.0, "percent_covered_display": "100", "missing_lines": 0, "excluded_lines": 0, "percent_statements_covered": 100.0, "percent_statements_covered_display": "100"}, "missing_lines": [], "excluded_lines": [], "start_line": 66}, "CompetitorBenchmarkSuite": {"executed_lines": [], "summary": {"covered_lines": 0, "num_statements": 227, "percent_covered": 0.0, "percent_covered_display": "0", "missing_lines": 227, "excluded_lines": 0, "percent_statements_covered": 0.0, "percent_statements_covered_display": "0"}, "missing_lines": [101, 102, 103, 104, 105, 109, 110, 125, 126, 132, 134, 135, 136, 144, 145, 147, 148, 159, 160, 161, 162, 163, 178, 179, 182, 183, 184, 192, 193, 196, 199, 203, 204, 205, 207, 208, 210, 212, 213, 215, 237, 240, 243, 244, 247, 248, 249, 251, 252, 253, 254, 256, 257, 260, 261, 262, 264, 266, 267, 269, 295, 298, 303, 305, 306, 310, 311, 312, 314, 315, 317, 318, 321, 322, 323, 325, 327, 328, 330, 352, 355, 360, 361, 364, 365, 366, 369, 370, 371, 372, 373, 374, 376, 377, 378, 379, 380, 381, 382, 383, 384, 386, 387, 388, 389, 391, 392, 395, 396, 397, 399, 401, 402, 404, 430, 433, 438, 439, 442, 443, 444, 445, 447, 448, 449, 452, 453, 454, 456, 457, 460, 461, 462, 463, 465, 466, 468, 500, 501, 502, 503, 505, 506, 514, 515, 516, 518, 520, 522, 523, 524, 525, 527, 528, 530, 531, 532, 533, 535, 537, 538, 539, 540, 541, 542, 544, 546, 548, 549, 551, 553, 554, 555, 557, 558, 564, 572, 573, 576, 577, 579, 592, 594, 595, 596, 598, 599, 600, 602, 603, 604, 605, 608, 609, 610, 611, 613, 615, 626, 638, 641, 642, 643, 661, 662, 674, 675, 677, 678, 687, 688, 689, 690, 704, 708, 710, 711, 712, 714, 715, 716, 717, 718, 719, 720, 721, 723], "excluded_lines": [], "start_line": 79}, "": {"executed_lines": [17, 18, 19, 20, 21, 22, 24, 25, 26, 27, 29, 30, 31, 32, 34, 45, 48, 49, 52, 53, 54, 55, 56, 57, 58, 59, 60, 61, 62, 65, 66, 69, 70, 71, 72, 73, 74, 75, 76, 79, 89, 107, 112, 150, 169, 228, 286, 343, 421, 485, 560, 585, 628, 680, 706, 727, 733], "summary": {"covered_lines": 57, "num_statements": 58, "percent_covered": 98.27586206896552, "percent_covered_display": "98", "missing_lines": 1, "excluded_lines": 0, "percent_statements_covered": 98.27586206896552, "percent_statements_covered_display": "98"}, "missing_lines": [729], "excluded_lines": [], "start_line": 1}}}, "scptensor/benchmark/competitor_viz.py": {"executed_lines": [7, 8, 9, 11, 12, 13, 14, 17, 18, 19, 21, 24, 35, 49, 59, 83, 127, 181, 250, 295, 364], "summary": {"covered_lines": 21, "num_statements": 180, "percent_covered": 11.666666666666666, "percent_covered_display": "12", "missing_lines": 159, "excluded_lines": 8, "percent_statements_covered": 11.666666666666666, "percent_statements_covered_display": "12"}, "missing_lines": [42, 43, 44, 46, 47, 51, 52, 53, 56, 57, 61, 63, 64, 65, 67, 68, 81, 93, 96, 98, 101, 104, 107, 108, 109, 110, 111, 114, 115, 117, 119, 120, 121, 123, 125, 137, 140, 146, 151, 154, 164, 165, 166, 167, 168, 169, 171, 173, 174, 175, 177, 179, 191, 193, 196, 202, 207, 215, 216, 217, 218, 219, 220, 223, 224, 225, 233, 234, 235, 236, 237, 238, 240, 242, 243, 244, 246, 248, 260, 262, 265, 275, 278, 279, 280, 281, 282, 283, 285, 287, 288, 289, 291, 293, 305, 307, 310, 311, 312, 313, 314, 315, 316, 317, 318, 321, 322, 323, 324, 325, 326, 327, 328, 331, 332, 333, 334, 335, 336, 337, 338, 339, 340, 343, 344, 345, 346, 347, 348, 349, 350, 351, 353, 354, 356, 357, 358, 360, 362, 376, 377, 379, 382, 383, 384, 387, 388, 389, 392, 393, 394, 397, 398, 399, 402, 403, 404, 406, 408], "excluded_lines": [411, 413, 415, 416, 417, 418, 420, 421], "functions": {"CompetitorResultVisualizer.__init__": {"executed_lines": [], "summary": {"covered_lines": 0, "num_statements": 5, "percent_covered": 0.0, "percent_covered_display": "0", "missing_lines": 5, "excluded_lines": 0, "percent_statements_covered": 0.0, "percent_statements_covered_display": "0"}, "missing_lines": [42, 43, 44, 46, 47], "excluded_lines": [], "start_line": 35}, "CompetitorResultVisualizer.load_results": {"executed_lines": [], "summary": {"covered_lines": 0, "num_statements": 5, "percent_covered": 0.0, "percent_covered_display": "0", "missing_lines": 5, "excluded_lines": 0, "percent_statements_covered": 0.0, "percent_statements_covered_display": "0"}, "missing_lines": [51, 52, 53, 56, 57], "excluded_lines": [], "start_line": 49}, "CompetitorResultVisualizer.to_dataframe": {"executed_lines": [], "summary": {"covered_lines": 0, "num_statements": 7, "percent_covered": 0.0, "percent_covered_display": "0", "missing_lines": 7, "excluded_lines": 0, "percent_statements_covered": 0.0, "percent_statements_covered_display": "0"}, "missing_lines": [61, 63, 64, 65, 67, 68, 81], "excluded_lines": [], "start_line": 59}, "CompetitorResultVisualizer.plot_speedup_comparison": {"executed_lines": [], "summary": {"covered_lines": 0, "num_statements": 18, "percent_covered": 0.0, "percent_covered_display": "0", "missing_lines": 18, "excluded_lines": 0, "percent_statements_covered": 0.0, "percent_statements_covered_display": "0"}, "missing_lines": [93, 96, 98, 101, 104, 107, 108, 109, 110, 111, 114, 115, 117, 119, 120, 121, 123, 125], "excluded_lines": [], "start_line": 83}, "CompetitorResultVisualizer.plot_runtime_comparison": {"executed_lines": [], "summary": {"covered_lines": 0, "num_statements": 17, "percent_covered": 0.0, "percent_covered_display": "0", "missing_lines": 17, "excluded_lines": 0, "percent_statements_covered": 0.0, "percent_statements_covered_display": "0"}, "missing_lines": [137, 140, 146, 151, 154, 164, 165, 166, 167, 168, 169, 171, 173, 174, 175, 177, 179], "excluded_lines": [], "start_line": 127}, "CompetitorResultVisualizer.plot_memory_comparison": {"executed_lines": [], "summary": {"covered_lines": 0, "num_statements": 26, "percent_covered": 0.0, "percent_covered_display": "0", "missing_lines": 26, "excluded_lines": 0, "percent_statements_covered": 0.0, "percent_statements_covered_display": "0"}, "missing_lines": [191, 193, 196, 202, 207, 215, 216, 217, 218, 219, 220, 223, 224, 225, 233, 234, 235, 236, 237, 238, 240, 242, 243, 244, 246, 248], "excluded_lines": [], "start_line": 181}, "CompetitorResultVisualizer.plot_accuracy_comparison": {"executed_lines": [], "summary": {"covered_lines": 0, "num_statements": 16, "percent_covered": 0.0, "percent_covered_display": "0", "missing_lines": 16, "excluded_lines": 0, "percent_statements_covered": 0.0, "percent_statements_covered_display": "0"}, "missing_lines": [260, 262, 265, 275, 278, 279, 280, 281, 282, 283, 285, 287, 288, 289, 291, 293], "excluded_lines": [], "start_line": 250}, "CompetitorResultVisualizer.plot_comprehensive_summary": {"executed_lines": [], "summary": {"covered_lines": 0, "num_statements": 45, "percent_covered": 0.0, "percent_covered_display": "0", "missing_lines": 45, "excluded_lines": 0, "percent_statements_covered": 0.0, "percent_statements_covered_display": "0"}, "missing_lines": [305, 307, 310, 311, 312, 313, 314, 315, 316, 317, 318, 321, 322, 323, 324, 325, 326, 327, 328, 331, 332, 333, 334, 335, 336, 337, 338, 339, 340, 343, 344, 345, 346, 347, 348, 349, 350, 351, 353, 354, 356, 357, 358, 360, 362], "excluded_lines": [], "start_line": 295}, "CompetitorResultVisualizer.create_all_plots": {"executed_lines": [], "summary": {"covered_lines": 0, "num_statements": 20, "percent_covered": 0.0, "percent_covered_display": "0", "missing_lines": 20, "excluded_lines": 0, "percent_statements_covered": 0.0, "percent_statements_covered_display": "0"}, "missing_lines": [376, 377, 379, 382, 383, 384, 387, 388, 389, 392, 393, 394, 397, 398, 399, 402, 403, 404, 406, 408], "excluded_lines": [], "start_line": 364}, "": {"executed_lines": [7, 8, 9, 11, 12, 13, 14, 17, 18, 19, 21, 24, 35, 49, 59, 83, 127, 181, 250, 295, 364], "summary": {"covered_lines": 21, "num_statements": 21, "percent_covered": 100.0, "percent_covered_display": "100", "missing_lines": 0, "excluded_lines": 8, "percent_statements_covered": 100.0, "percent_statements_covered_display": "100"}, "missing_lines": [], "excluded_lines": [411, 413, 415, 416, 417, 418, 420, 421], "start_line": 1}}, "classes": {"CompetitorResultVisualizer": {"executed_lines": [], "summary": {"covered_lines": 0, "num_statements": 159, "percent_covered": 0.0, "percent_covered_display": "0", "missing_lines": 159, "excluded_lines": 0, "percent_statements_covered": 0.0, "percent_statements_covered_display": "0"}, "missing_lines": [42, 43, 44, 46, 47, 51, 52, 53, 56, 57, 61, 63, 64, 65, 67, 68, 81, 93, 96, 98, 101, 104, 107, 108, 109, 110, 111, 114, 115, 117, 119, 120, 121, 123, 125, 137, 140, 146, 151, 154, 164, 165, 166, 167, 168, 169, 171, 173, 174, 175, 177, 179, 191, 193, 196, 202, 207, 215, 216, 217, 218, 219, 220, 223, 224, 225, 233, 234, 235, 236, 237, 238, 240, 242, 243, 244, 246, 248, 260, 262, 265, 275, 278, 279, 280, 281, 282, 283, 285, 287, 288, 289, 291, 293, 305, 307, 310, 311, 312, 313, 314, 315, 316, 317, 318, 321, 322, 323, 324, 325, 326, 327, 328, 331, 332, 333, 334, 335, 336, 337, 338, 339, 340, 343, 344, 345, 346, 347, 348, 349, 350, 351, 353, 354, 356, 357, 358, 360, 362, 376, 377, 379, 382, 383, 384, 387, 388, 389, 392, 393, 394, 397, 398, 399, 402, 403, 404, 406, 408], "excluded_lines": [], "start_line": 24}, "": {"executed_lines": [7, 8, 9, 11, 12, 13, 14, 17, 18, 19, 21, 24, 35, 49, 59, 83, 127, 181, 250, 295, 364], "summary": {"covered_lines": 21, "num_statements": 21, "percent_covered": 100.0, "percent_covered_display": "100", "missing_lines": 0, "excluded_lines": 8, "percent_statements_covered": 100.0, "percent_statements_covered_display": "100"}, "missing_lines": [], "excluded_lines": [411, 413, 415, 416, 417, 418, 420, 421], "start_line": 1}}}, "scptensor/benchmark/core.py": {"executed_lines": [5, 6, 7, 9, 10, 12, 15, 16, 19, 20, 21, 22, 23, 24, 27, 28, 31, 32, 33, 34, 35, 38, 39, 42, 43, 44, 45, 46, 49, 50, 53, 54, 55, 58, 59, 62, 63, 66, 67, 68, 71, 72, 73, 74, 76, 78, 96, 99, 100, 101, 102, 104, 106, 108, 110, 112, 114, 116, 118, 120, 122, 124, 126, 128, 136, 137, 140, 147, 148, 149, 150, 160, 162, 164, 209, 211, 212, 215, 216, 217, 221, 231, 233, 235, 237, 241, 242, 250], "summary": {"covered_lines": 88, "num_statements": 107, "percent_covered": 82.24299065420561, "percent_covered_display": "82", "missing_lines": 19, "excluded_lines": 0, "percent_statements_covered": 82.24299065420561, "percent_statements_covered_display": "82"}, "missing_lines": [138, 141, 170, 171, 172, 174, 175, 180, 181, 182, 184, 207, 238, 239, 243, 244, 245, 246, 248], "excluded_lines": [], "functions": {"MethodRunResult.to_dict": {"executed_lines": [78], "summary": {"covered_lines": 1, "num_statements": 1, "percent_covered": 100.0, "percent_covered_display": "100", "missing_lines": 0, "excluded_lines": 0, "percent_statements_covered": 100.0, "percent_statements_covered_display": "100"}, "missing_lines": [], "excluded_lines": [], "start_line": 76}, "BenchmarkResults.__init__": {"executed_lines": [100, 101, 102], "summary": {"covered_lines": 3, "num_statements": 3, "percent_covered": 100.0, "percent_covered_display": "100", "missing_lines": 0, "excluded_lines": 0, "percent_statements_covered": 100.0, "percent_statements_covered_display": "100"}, "missing_lines": [], "excluded_lines": [], "start_line": 99}, "BenchmarkResults.add_run": {"executed_lines": [106], "summary": {"covered_lines": 1, "num_statements": 1, "percent_covered": 100.0, "percent_covered_display": "100", "missing_lines": 0, "excluded_lines": 0, "percent_statements_covered": 100.0, "percent_statements_covered_display": "100"}, "missing_lines": [], "excluded_lines": [], "start_line": 104}, "BenchmarkResults.add_dataset": {"executed_lines": [110], "summary": {"covered_lines": 1, "num_statements": 1, "percent_covered": 100.0, "percent_covered_display": "100", "missing_lines": 0, "excluded_lines": 0, "percent_statements_covered": 100.0, "percent_statements_covered_display": "100"}, "missing_lines": [], "excluded_lines": [], "start_line": 108}, "BenchmarkResults.filter_by_method": {"executed_lines": [114], "summary": {"covered_lines": 1, "num_statements": 1, "percent_covered": 100.0, "percent_covered_display": "100", "missing_lines": 0, "excluded_lines": 0, "percent_statements_covered": 100.0, "percent_statements_covered_display": "100"}, "missing_lines": [], "excluded_lines": [], "start_line": 112}, "BenchmarkResults.filter_by_dataset": {"executed_lines": [118], "summary": {"covered_lines": 1, "num_statements": 1, "percent_covered": 100.0, "percent_covered_display": "100", "missing_lines": 0, "excluded_lines": 0, "percent_statements_covered": 100.0, "percent_statements_covered_display": "100"}, "missing_lines": [], "excluded_lines": [], "start_line": 116}, "BenchmarkResults.get_methods": {"executed_lines": [122], "summary": {"covered_lines": 1, "num_statements": 1, "percent_covered": 100.0, "percent_covered_display": "100", "missing_lines": 0, "excluded_lines": 0, "percent_statements_covered": 100.0, "percent_statements_covered_display": "100"}, "missing_lines": [], "excluded_lines": [], "start_line": 120}, "BenchmarkResults.get_datasets": {"executed_lines": [126], "summary": {"covered_lines": 1, "num_statements": 1, "percent_covered": 100.0, "percent_covered_display": "100", "missing_lines": 0, "excluded_lines": 0, "percent_statements_covered": 100.0, "percent_statements_covered_display": "100"}, "missing_lines": [], "excluded_lines": [], "start_line": 124}, "BenchmarkResults.get_parameter_sensitivity": {"executed_lines": [136, 137, 140, 147, 148, 149, 150, 160, 162], "summary": {"covered_lines": 9, "num_statements": 11, "percent_covered": 81.81818181818181, "percent_covered_display": "82", "missing_lines": 2, "excluded_lines": 0, "percent_statements_covered": 81.81818181818181, "percent_statements_covered_display": "82"}, "missing_lines": [138, 141], "excluded_lines": [], "start_line": 128}, "BenchmarkResults.get_method_comparison": {"executed_lines": [], "summary": {"covered_lines": 0, "num_statements": 10, "percent_covered": 0.0, "percent_covered_display": "0", "missing_lines": 10, "excluded_lines": 0, "percent_statements_covered": 0.0, "percent_statements_covered_display": "0"}, "missing_lines": [170, 171, 172, 174, 175, 180, 181, 182, 184, 207], "excluded_lines": [], "start_line": 164}, "BenchmarkResults.to_dataframe": {"executed_lines": [211, 212, 215, 216, 217, 221, 231], "summary": {"covered_lines": 7, "num_statements": 7, "percent_covered": 100.0, "percent_covered_display": "100", "missing_lines": 0, "excluded_lines": 0, "percent_statements_covered": 100.0, "percent_statements_covered_display": "100"}, "missing_lines": [], "excluded_lines": [], "start_line": 209}, "BenchmarkResults.export_data": {"executed_lines": [235, 237, 241, 242, 250], "summary": {"covered_lines": 5, "num_statements": 12, "percent_covered": 41.666666666666664, "percent_covered_display": "42", "missing_lines": 7, "excluded_lines": 0, "percent_statements_covered": 41.666666666666664, "percent_statements_covered_display": "42"}, "missing_lines": [238, 239, 243, 244, 245, 246, 248], "excluded_lines": [], "start_line": 233}, "": {"executed_lines": [5, 6, 7, 9, 10, 12, 15, 16, 19, 20, 21, 22, 23, 24, 27, 28, 31, 32, 33, 34, 35, 38, 39, 42, 43, 44, 45, 46, 49, 50, 53, 54, 55, 58, 59, 62, 63, 66, 67, 68, 71, 72, 73, 74, 76, 96, 99, 104, 108, 112, 116, 120, 124, 128, 164, 209, 233], "summary": {"covered_lines": 57, "num_statements": 57, "percent_covered": 100.0, "percent_covered_display": "100", "missing_lines": 0, "excluded_lines": 0, "percent_statements_covered": 100.0, "percent_statements_covered_display": "100"}, "missing_lines": [], "excluded_lines": [], "start_line": 1}}, "classes": {"TechnicalMetrics": {"executed_lines": [], "summary": {"covered_lines": 0, "num_statements": 0, "percent_covered": 100.0, "percent_covered_display": "100", "missing_lines": 0, "excluded_lines": 0, "percent_statements_covered": 100.0, "percent_statements_covered_display": "100"}, "missing_lines": [], "excluded_lines": [], "start_line": 16}, "BiologicalMetrics": {"executed_lines": [], "summary": {"covered_lines": 0, "num_statements": 0, "percent_covered": 100.0, "percent_covered_display": "100", "missing_lines": 0, "excluded_lines": 0, "percent_statements_covered": 100.0, "percent_statements_covered_display": "100"}, "missing_lines": [], "excluded_lines": [], "start_line": 28}, "ComputationalMetrics": {"executed_lines": [], "summary": {"covered_lines": 0, "num_statements": 0, "percent_covered": 100.0, "percent_covered_display": "100", "missing_lines": 0, "excluded_lines": 0, "percent_statements_covered": 100.0, "percent_statements_covered_display": "100"}, "missing_lines": [], "excluded_lines": [], "start_line": 39}, "MethodRunResult": {"executed_lines": [78], "summary": {"covered_lines": 1, "num_statements": 1, "percent_covered": 100.0, "percent_covered_display": "100", "missing_lines": 0, "excluded_lines": 0, "percent_statements_covered": 100.0, "percent_statements_covered_display": "100"}, "missing_lines": [], "excluded_lines": [], "start_line": 50}, "BenchmarkResults": {"executed_lines": [100, 101, 102, 106, 110, 114, 118, 122, 126, 136, 137, 140, 147, 148, 149, 150, 160, 162, 211, 212, 215, 216, 217, 221, 231, 235, 237, 241, 242, 250], "summary": {"covered_lines": 30, "num_statements": 49, "percent_covered": 61.224489795918366, "percent_covered_display": "61", "missing_lines": 19, "excluded_lines": 0, "percent_statements_covered": 61.224489795918366, "percent_statements_covered_display": "61"}, "missing_lines": [138, 141, 170, 171, 172, 174, 175, 180, 181, 182, 184, 207, 238, 239, 243, 244, 245, 246, 248], "excluded_lines": [], "start_line": 96}, "": {"executed_lines": [5, 6, 7, 9, 10, 12, 15, 16, 19, 20, 21, 22, 23, 24, 27, 28, 31, 32, 33, 34, 35, 38, 39, 42, 43, 44, 45, 46, 49, 50, 53, 54, 55, 58, 59, 62, 63, 66, 67, 68, 71, 72, 73, 74, 76, 96, 99, 104, 108, 112, 116, 120, 124, 128, 164, 209, 233], "summary": {"covered_lines": 57, "num_statements": 57, "percent_covered": 100.0, "percent_covered_display": "100", "missing_lines": 0, "excluded_lines": 0, "percent_statements_covered": 100.0, "percent_statements_covered_display": "100"}, "missing_lines": [], "excluded_lines": [], "start_line": 1}}}, "scptensor/benchmark/metrics.py": {"executed_lines": [5, 7, 8, 9, 10, 12, 14, 17, 20, 21, 22, 24, 26, 27, 29, 31, 32, 34, 35, 37, 38, 40, 42, 50, 51, 57, 58, 59, 61, 72, 80, 81, 82, 85, 89, 90, 92, 103, 107, 114, 116, 117, 118, 120, 121, 124, 126, 128, 129, 132, 135, 136, 137, 139, 140, 143, 147, 154, 156, 157, 159, 161, 163, 166, 170, 172, 174, 175, 176, 178, 182, 186, 187, 189, 191, 193, 195, 196, 198, 202, 203, 206, 207, 211, 213, 214, 217, 218, 220, 222, 224, 227, 229, 230, 231, 233, 236, 237, 238, 240, 242, 244, 245, 249, 250, 252, 254, 257, 259, 260, 261, 263, 267, 269, 270, 271, 274, 275, 277, 281, 284, 285, 290, 291, 292, 294, 298, 299, 300, 302, 303, 304, 305, 306, 307, 310, 322, 323, 324, 325, 326, 328, 331, 332], "summary": {"covered_lines": 144, "num_statements": 167, "percent_covered": 86.22754491017965, "percent_covered_display": "86", "missing_lines": 23, "excluded_lines": 0, "percent_statements_covered": 86.22754491017965, "percent_statements_covered_display": "86"}, "missing_lines": [53, 54, 122, 133, 151, 152, 164, 179, 184, 185, 199, 208, 209, 225, 234, 248, 255, 264, 273, 282, 295, 333, 334], "excluded_lines": [], "functions": {"MetricsEngine.__init__": {"executed_lines": [21, 22], "summary": {"covered_lines": 2, "num_statements": 2, "percent_covered": 100.0, "percent_covered_display": "100", "missing_lines": 0, "excluded_lines": 0, "percent_statements_covered": 100.0, "percent_statements_covered_display": "100"}, "missing_lines": [], "excluded_lines": [], "start_line": 20}, "MetricsEngine.start_timing": {"executed_lines": [26, 27], "summary": {"covered_lines": 2, "num_statements": 2, "percent_covered": 100.0, "percent_covered_display": "100", "missing_lines": 0, "excluded_lines": 0, "percent_statements_covered": 100.0, "percent_statements_covered_display": "100"}, "missing_lines": [], "excluded_lines": [], "start_line": 24}, "MetricsEngine.stop_timing": {"executed_lines": [31, 32, 34, 35, 37, 38, 40], "summary": {"covered_lines": 7, "num_statements": 7, "percent_covered": 100.0, "percent_covered_display": "100", "missing_lines": 0, "excluded_lines": 0, "percent_statements_covered": 100.0, "percent_statements_covered_display": "100"}, "missing_lines": [], "excluded_lines": [], "start_line": 29}, "MetricsEngine.evaluate_technical": {"executed_lines": [50, 51, 57, 58, 59, 61], "summary": {"covered_lines": 6, "num_statements": 8, "percent_covered": 75.0, "percent_covered_display": "75", "missing_lines": 2, "excluded_lines": 0, "percent_statements_covered": 75.0, "percent_statements_covered_display": "75"}, "missing_lines": [53, 54], "excluded_lines": [], "start_line": 42}, "MetricsEngine.evaluate_biological": {"executed_lines": [80, 81, 82, 85, 89, 90, 92], "summary": {"covered_lines": 7, "num_statements": 7, "percent_covered": 100.0, "percent_covered_display": "100", "missing_lines": 0, "excluded_lines": 0, "percent_statements_covered": 100.0, "percent_statements_covered_display": "100"}, "missing_lines": [], "excluded_lines": [], "start_line": 72}, "MetricsEngine.evaluate_computational": {"executed_lines": [107], "summary": {"covered_lines": 1, "num_statements": 1, "percent_covered": 100.0, "percent_covered_display": "100", "missing_lines": 0, "excluded_lines": 0, "percent_statements_covered": 100.0, "percent_statements_covered_display": "100"}, "missing_lines": [], "excluded_lines": [], "start_line": 103}, "MetricsEngine._compute_data_recovery": {"executed_lines": [116, 117, 118, 120, 121, 124], "summary": {"covered_lines": 6, "num_statements": 7, "percent_covered": 85.71428571428571, "percent_covered_display": "86", "missing_lines": 1, "excluded_lines": 0, "percent_statements_covered": 85.71428571428571, "percent_statements_covered_display": "86"}, "missing_lines": [122], "excluded_lines": [], "start_line": 114}, "MetricsEngine._compute_variance_preservation": {"executed_lines": [128, 129, 132, 135, 136, 137, 139, 140, 143, 147], "summary": {"covered_lines": 10, "num_statements": 13, "percent_covered": 76.92307692307692, "percent_covered_display": "77", "missing_lines": 3, "excluded_lines": 0, "percent_statements_covered": 76.92307692307692, "percent_statements_covered_display": "77"}, "missing_lines": [133, 151, 152], "excluded_lines": [], "start_line": 126}, "MetricsEngine._compute_sparsity_preservation": {"executed_lines": [156, 157, 159], "summary": {"covered_lines": 3, "num_statements": 3, "percent_covered": 100.0, "percent_covered_display": "100", "missing_lines": 0, "excluded_lines": 0, "percent_statements_covered": 100.0, "percent_statements_covered_display": "100"}, "missing_lines": [], "excluded_lines": [], "start_line": 154}, "MetricsEngine._compute_batch_mixing": {"executed_lines": [163, 166, 170, 172, 174, 175, 176, 178, 182, 186, 187], "summary": {"covered_lines": 11, "num_statements": 15, "percent_covered": 73.33333333333333, "percent_covered_display": "73", "missing_lines": 4, "excluded_lines": 0, "percent_statements_covered": 73.33333333333333, "percent_statements_covered_display": "73"}, "missing_lines": [164, 179, 184, 185], "excluded_lines": [], "start_line": 161}, "MetricsEngine._compute_signal_to_noise": {"executed_lines": [191, 193, 195, 196, 198, 202, 203, 206, 207], "summary": {"covered_lines": 9, "num_statements": 12, "percent_covered": 75.0, "percent_covered_display": "75", "missing_lines": 3, "excluded_lines": 0, "percent_statements_covered": 75.0, "percent_statements_covered_display": "75"}, "missing_lines": [199, 208, 209], "excluded_lines": [], "start_line": 189}, "MetricsEngine._compute_missing_pattern_score": {"executed_lines": [213, 214, 217, 218, 220], "summary": {"covered_lines": 5, "num_statements": 5, "percent_covered": 100.0, "percent_covered_display": "100", "missing_lines": 0, "excluded_lines": 0, "percent_statements_covered": 100.0, "percent_statements_covered_display": "100"}, "missing_lines": [], "excluded_lines": [], "start_line": 211}, "MetricsEngine._compute_group_separation": {"executed_lines": [224, 227, 229, 230, 231, 233, 236, 237, 238], "summary": {"covered_lines": 9, "num_statements": 11, "percent_covered": 81.81818181818181, "percent_covered_display": "82", "missing_lines": 2, "excluded_lines": 0, "percent_statements_covered": 81.81818181818181, "percent_statements_covered_display": "82"}, "missing_lines": [225, 234], "excluded_lines": [], "start_line": 222}, "MetricsEngine._compute_signal_preservation": {"executed_lines": [242, 244, 245, 249, 250], "summary": {"covered_lines": 5, "num_statements": 6, "percent_covered": 83.33333333333333, "percent_covered_display": "83", "missing_lines": 1, "excluded_lines": 0, "percent_statements_covered": 83.33333333333333, "percent_statements_covered_display": "83"}, "missing_lines": [248], "excluded_lines": [], "start_line": 240}, "MetricsEngine._compute_clustering_consistency": {"executed_lines": [254, 257, 259, 260, 261, 263, 267, 269, 270, 271, 274, 275], "summary": {"covered_lines": 12, "num_statements": 15, "percent_covered": 80.0, "percent_covered_display": "80", "missing_lines": 3, "excluded_lines": 0, "percent_statements_covered": 80.0, "percent_statements_covered_display": "80"}, "missing_lines": [255, 264, 273], "excluded_lines": [], "start_line": 252}, "MetricsEngine._compute_biological_variance_explained": {"executed_lines": [281, 284, 285, 290, 291, 292, 294, 298, 299, 300, 302, 303, 304, 305, 306, 307, 310, 322, 323, 324, 325, 326, 328, 331, 332], "summary": {"covered_lines": 25, "num_statements": 29, "percent_covered": 86.20689655172414, "percent_covered_display": "86", "missing_lines": 4, "excluded_lines": 0, "percent_statements_covered": 86.20689655172414, "percent_statements_covered_display": "86"}, "missing_lines": [282, 295, 333, 334], "excluded_lines": [], "start_line": 277}, "": {"executed_lines": [5, 7, 8, 9, 10, 12, 14, 17, 20, 24, 29, 42, 72, 103, 114, 126, 154, 161, 189, 211, 222, 240, 252, 277], "summary": {"covered_lines": 24, "num_statements": 24, "percent_covered": 100.0, "percent_covered_display": "100", "missing_lines": 0, "excluded_lines": 0, "percent_statements_covered": 100.0, "percent_statements_covered_display": "100"}, "missing_lines": [], "excluded_lines": [], "start_line": 1}}, "classes": {"MetricsEngine": {"executed_lines": [21, 22, 26, 27, 31, 32, 34, 35, 37, 38, 40, 50, 51, 57, 58, 59, 61, 80, 81, 82, 85, 89, 90, 92, 107, 116, 117, 118, 120, 121, 124, 128, 129, 132, 135, 136, 137, 139, 140, 143, 147, 156, 157, 159, 163, 166, 170, 172, 174, 175, 176, 178, 182, 186, 187, 191, 193, 195, 196, 198, 202, 203, 206, 207, 213, 214, 217, 218, 220, 224, 227, 229, 230, 231, 233, 236, 237, 238, 242, 244, 245, 249, 250, 254, 257, 259, 260, 261, 263, 267, 269, 270, 271, 274, 275, 281, 284, 285, 290, 291, 292, 294, 298, 299, 300, 302, 303, 304, 305, 306, 307, 310, 322, 323, 324, 325, 326, 328, 331, 332], "summary": {"covered_lines": 120, "num_statements": 143, "percent_covered": 83.91608391608392, "percent_covered_display": "84", "missing_lines": 23, "excluded_lines": 0, "percent_statements_covered": 83.91608391608392, "percent_statements_covered_display": "84"}, "missing_lines": [53, 54, 122, 133, 151, 152, 164, 179, 184, 185, 199, 208, 209, 225, 234, 248, 255, 264, 273, 282, 295, 333, 334], "excluded_lines": [], "start_line": 17}, "": {"executed_lines": [5, 7, 8, 9, 10, 12, 14, 17, 20, 24, 29, 42, 72, 103, 114, 126, 154, 161, 189, 211, 222, 240, 252, 277], "summary": {"covered_lines": 24, "num_statements": 24, "percent_covered": 100.0, "percent_covered_display": "100", "missing_lines": 0, "excluded_lines": 0, "percent_statements_covered": 100.0, "percent_statements_covered_display": "100"}, "missing_lines": [], "excluded_lines": [], "start_line": 1}}}, "scptensor/benchmark/parameter_grid.py": {"executed_lines": [5, 6, 7, 9, 12, 13, 16, 17, 18, 19, 21, 34, 60, 70, 86, 109, 140, 166, 214, 236, 263, 282, 294, 304], "summary": {"covered_lines": 24, "num_statements": 143, "percent_covered": 16.783216783216783, "percent_covered_display": "17", "missing_lines": 119, "excluded_lines": 0, "percent_statements_covered": 16.783216783216783, "percent_statements_covered_display": "17"}, "missing_lines": [28, 29, 30, 31, 32, 37, 38, 39, 40, 44, 45, 46, 47, 49, 50, 51, 53, 54, 56, 57, 82, 83, 84, 100, 101, 102, 103, 104, 105, 107, 113, 115, 116, 118, 119, 120, 123, 126, 129, 130, 132, 133, 134, 135, 137, 138, 143, 145, 146, 148, 149, 151, 152, 153, 156, 159, 161, 163, 164, 174, 175, 180, 181, 183, 184, 186, 189, 192, 193, 195, 198, 200, 201, 203, 207, 209, 211, 212, 216, 217, 218, 219, 221, 222, 224, 225, 228, 230, 232, 234, 243, 245, 246, 247, 248, 249, 250, 251, 254, 255, 256, 257, 258, 260, 265, 284, 296, 307, 308, 309, 317, 320, 330, 335, 340, 345, 353, 361, 367], "excluded_lines": [], "functions": {"MethodConfig.validate_parameters": {"executed_lines": [], "summary": {"covered_lines": 0, "num_statements": 5, "percent_covered": 0.0, "percent_covered_display": "0", "missing_lines": 5, "excluded_lines": 0, "percent_statements_covered": 0.0, "percent_statements_covered_display": "0"}, "missing_lines": [28, 29, 30, 31, 32], "excluded_lines": [], "start_line": 21}, "MethodConfig._validate_single_constraint": {"executed_lines": [], "summary": {"covered_lines": 0, "num_statements": 15, "percent_covered": 0.0, "percent_covered_display": "0", "missing_lines": 15, "excluded_lines": 0, "percent_statements_covered": 0.0, "percent_statements_covered_display": "0"}, "missing_lines": [37, 38, 39, 40, 44, 45, 46, 47, 49, 50, 51, 53, 54, 56, 57], "excluded_lines": [], "start_line": 34}, "ParameterGrid.__init__": {"executed_lines": [], "summary": {"covered_lines": 0, "num_statements": 3, "percent_covered": 0.0, "percent_covered_display": "0", "missing_lines": 3, "excluded_lines": 0, "percent_statements_covered": 0.0, "percent_statements_covered_display": "0"}, "missing_lines": [82, 83, 84], "excluded_lines": [], "start_line": 70}, "ParameterGrid.generate_combinations": {"executed_lines": [], "summary": {"covered_lines": 0, "num_statements": 7, "percent_covered": 0.0, "percent_covered_display": "0", "missing_lines": 7, "excluded_lines": 0, "percent_statements_covered": 0.0, "percent_statements_covered_display": "0"}, "missing_lines": [100, 101, 102, 103, 104, 105, 107], "excluded_lines": [], "start_line": 86}, "ParameterGrid._generate_grid_combinations": {"executed_lines": [], "summary": {"covered_lines": 0, "num_statements": 16, "percent_covered": 0.0, "percent_covered_display": "0", "missing_lines": 16, "excluded_lines": 0, "percent_statements_covered": 0.0, "percent_statements_covered_display": "0"}, "missing_lines": [113, 115, 116, 118, 119, 120, 123, 126, 129, 130, 132, 133, 134, 135, 137, 138], "excluded_lines": [], "start_line": 109}, "ParameterGrid._generate_random_combinations": {"executed_lines": [], "summary": {"covered_lines": 0, "num_statements": 13, "percent_covered": 0.0, "percent_covered_display": "0", "missing_lines": 13, "excluded_lines": 0, "percent_statements_covered": 0.0, "percent_statements_covered_display": "0"}, "missing_lines": [143, 145, 146, 148, 149, 151, 152, 153, 156, 159, 161, 163, 164], "excluded_lines": [], "start_line": 140}, "ParameterGrid._generate_bayesian_combinations": {"executed_lines": [], "summary": {"covered_lines": 0, "num_statements": 19, "percent_covered": 0.0, "percent_covered_display": "0", "missing_lines": 19, "excluded_lines": 0, "percent_statements_covered": 0.0, "percent_statements_covered_display": "0"}, "missing_lines": [174, 175, 180, 181, 183, 184, 186, 189, 192, 193, 195, 198, 200, 201, 203, 207, 209, 211, 212], "excluded_lines": [], "start_line": 166}, "ParameterGrid.get_n_combinations": {"executed_lines": [], "summary": {"covered_lines": 0, "num_statements": 12, "percent_covered": 0.0, "percent_covered_display": "0", "missing_lines": 12, "excluded_lines": 0, "percent_statements_covered": 0.0, "percent_statements_covered_display": "0"}, "missing_lines": [216, 217, 218, 219, 221, 222, 224, 225, 228, 230, 232, 234], "excluded_lines": [], "start_line": 214}, "ParameterGrid.validate_parameter_space": {"executed_lines": [], "summary": {"covered_lines": 0, "num_statements": 14, "percent_covered": 0.0, "percent_covered_display": "0", "missing_lines": 14, "excluded_lines": 0, "percent_statements_covered": 0.0, "percent_statements_covered_display": "0"}, "missing_lines": [243, 245, 246, 247, 248, 249, 250, 251, 254, 255, 256, 257, 258, 260], "excluded_lines": [], "start_line": 236}, "create_normalization_parameter_grids": {"executed_lines": [], "summary": {"covered_lines": 0, "num_statements": 1, "percent_covered": 0.0, "percent_covered_display": "0", "missing_lines": 1, "excluded_lines": 0, "percent_statements_covered": 0.0, "percent_statements_covered_display": "0"}, "missing_lines": [265], "excluded_lines": [], "start_line": 263}, "create_imputation_parameter_grids": {"executed_lines": [], "summary": {"covered_lines": 0, "num_statements": 1, "percent_covered": 0.0, "percent_covered_display": "0", "missing_lines": 1, "excluded_lines": 0, "percent_statements_covered": 0.0, "percent_statements_covered_display": "0"}, "missing_lines": [284], "excluded_lines": [], "start_line": 282}, "create_integration_parameter_grids": {"executed_lines": [], "summary": {"covered_lines": 0, "num_statements": 1, "percent_covered": 0.0, "percent_covered_display": "0", "missing_lines": 1, "excluded_lines": 0, "percent_statements_covered": 0.0, "percent_statements_covered_display": "0"}, "missing_lines": [296], "excluded_lines": [], "start_line": 294}, "create_method_configs": {"executed_lines": [], "summary": {"covered_lines": 0, "num_statements": 12, "percent_covered": 0.0, "percent_covered_display": "0", "missing_lines": 12, "excluded_lines": 0, "percent_statements_covered": 0.0, "percent_statements_covered_display": "0"}, "missing_lines": [307, 308, 309, 317, 320, 330, 335, 340, 345, 353, 361, 367], "excluded_lines": [], "start_line": 304}, "": {"executed_lines": [5, 6, 7, 9, 12, 13, 16, 17, 18, 19, 21, 34, 60, 70, 86, 109, 140, 166, 214, 236, 263, 282, 294, 304], "summary": {"covered_lines": 24, "num_statements": 24, "percent_covered": 100.0, "percent_covered_display": "100", "missing_lines": 0, "excluded_lines": 0, "percent_statements_covered": 100.0, "percent_statements_covered_display": "100"}, "missing_lines": [], "excluded_lines": [], "start_line": 1}}, "classes": {"MethodConfig": {"executed_lines": [], "summary": {"covered_lines": 0, "num_statements": 20, "percent_covered": 0.0, "percent_covered_display": "0", "missing_lines": 20, "excluded_lines": 0, "percent_statements_covered": 0.0, "percent_statements_covered_display": "0"}, "missing_lines": [28, 29, 30, 31, 32, 37, 38, 39, 40, 44, 45, 46, 47, 49, 50, 51, 53, 54, 56, 57], "excluded_lines": [], "start_line": 13}, "ParameterGrid": {"executed_lines": [], "summary": {"covered_lines": 0, "num_statements": 84, "percent_covered": 0.0, "percent_covered_display": "0", "missing_lines": 84, "excluded_lines": 0, "percent_statements_covered": 0.0, "percent_statements_covered_display": "0"}, "missing_lines": [82, 83, 84, 100, 101, 102, 103, 104, 105, 107, 113, 115, 116, 118, 119, 120, 123, 126, 129, 130, 132, 133, 134, 135, 137, 138, 143, 145, 146, 148, 149, 151, 152, 153, 156, 159, 161, 163, 164, 174, 175, 180, 181, 183, 184, 186, 189, 192, 193, 195, 198, 200, 201, 203, 207, 209, 211, 212, 216, 217, 218, 219, 221, 222, 224, 225, 228, 230, 232, 234, 243, 245, 246, 247, 248, 249, 250, 251, 254, 255, 256, 257, 258, 260], "excluded_lines": [], "start_line": 60}, "": {"executed_lines": [5, 6, 7, 9, 12, 13, 16, 17, 18, 19, 21, 34, 60, 70, 86, 109, 140, 166, 214, 236, 263, 282, 294, 304], "summary": {"covered_lines": 24, "num_statements": 39, "percent_covered": 61.53846153846154, "percent_covered_display": "62", "missing_lines": 15, "excluded_lines": 0, "percent_statements_covered": 61.53846153846154, "percent_statements_covered_display": "62"}, "missing_lines": [265, 284, 296, 307, 308, 309, 317, 320, 330, 335, 340, 345, 353, 361, 367], "excluded_lines": [], "start_line": 1}}}, "scptensor/benchmark/synthetic_data.py": {"executed_lines": [5, 6, 8, 11, 22, 48, 49, 50, 51, 52, 53, 54, 55, 56, 58, 65, 68, 69, 70, 72, 77, 80, 83, 86, 89, 92, 93, 95, 97, 99, 101, 102, 104, 105, 106, 109, 110, 111, 113, 115, 117, 118, 120, 121, 122, 125, 126, 127, 130, 132, 134, 137, 140, 143, 145, 147, 150, 152, 154, 157, 160, 161, 165, 166, 168, 169, 172, 173, 174, 176, 177, 179, 181, 183, 186, 189, 190, 192, 194, 196, 197, 200, 203, 204, 207, 208, 209, 211, 212, 213, 216, 217, 218, 220, 224, 225, 227, 228, 231, 234, 235, 237, 238, 239, 241, 242, 244, 246, 248, 251, 257, 261, 268, 270, 271, 273, 281, 288, 291, 300, 303, 312, 315, 324, 327, 337, 339], "summary": {"covered_lines": 127, "num_statements": 127, "percent_covered": 100.0, "percent_covered_display": "100", "missing_lines": 0, "excluded_lines": 0, "percent_statements_covered": 100.0, "percent_statements_covered_display": "100"}, "missing_lines": [], "excluded_lines": [], "functions": {"SyntheticDataset.__init__": {"executed_lines": [48, 49, 50, 51, 52, 53, 54, 55, 56], "summary": {"covered_lines": 9, "num_statements": 9, "percent_covered": 100.0, "percent_covered_display": "100", "missing_lines": 0, "excluded_lines": 0, "percent_statements_covered": 100.0, "percent_statements_covered_display": "100"}, "missing_lines": [], "excluded_lines": [], "start_line": 22}, "SyntheticDataset.generate": {"executed_lines": [65, 68, 69, 70, 72, 77, 80, 83, 86, 89, 92, 93, 95, 97], "summary": {"covered_lines": 14, "num_statements": 14, "percent_covered": 100.0, "percent_covered_display": "100", "missing_lines": 0, "excluded_lines": 0, "percent_statements_covered": 100.0, "percent_statements_covered_display": "100"}, "missing_lines": [], "excluded_lines": [], "start_line": 58}, "SyntheticDataset._generate_groups": {"executed_lines": [101, 102, 104, 105, 106, 109, 110, 111, 113], "summary": {"covered_lines": 9, "num_statements": 9, "percent_covered": 100.0, "percent_covered_display": "100", "missing_lines": 0, "excluded_lines": 0, "percent_statements_covered": 100.0, "percent_statements_covered_display": "100"}, "missing_lines": [], "excluded_lines": [], "start_line": 99}, "SyntheticDataset._generate_batches": {"executed_lines": [117, 118, 120, 121, 122, 125, 126, 127, 130, 132], "summary": {"covered_lines": 10, "num_statements": 10, "percent_covered": 100.0, "percent_covered_display": "100", "missing_lines": 0, "excluded_lines": 0, "percent_statements_covered": 100.0, "percent_statements_covered_display": "100"}, "missing_lines": [], "excluded_lines": [], "start_line": 115}, "SyntheticDataset._generate_true_expression": {"executed_lines": [137, 140, 143, 145, 147, 150, 152], "summary": {"covered_lines": 7, "num_statements": 7, "percent_covered": 100.0, "percent_covered_display": "100", "missing_lines": 0, "excluded_lines": 0, "percent_statements_covered": 100.0, "percent_statements_covered_display": "100"}, "missing_lines": [], "excluded_lines": [], "start_line": 134}, "SyntheticDataset._add_effects": {"executed_lines": [157, 160, 161, 165, 166, 168, 169, 172, 173, 174, 176, 177, 179, 181], "summary": {"covered_lines": 14, "num_statements": 14, "percent_covered": 100.0, "percent_covered_display": "100", "missing_lines": 0, "excluded_lines": 0, "percent_statements_covered": 100.0, "percent_statements_covered_display": "100"}, "missing_lines": [], "excluded_lines": [], "start_line": 154}, "SyntheticDataset._add_noise": {"executed_lines": [186, 189, 190, 192], "summary": {"covered_lines": 4, "num_statements": 4, "percent_covered": 100.0, "percent_covered_display": "100", "missing_lines": 0, "excluded_lines": 0, "percent_statements_covered": 100.0, "percent_statements_covered_display": "100"}, "missing_lines": [], "excluded_lines": [], "start_line": 183}, "SyntheticDataset._introduce_missing_values": {"executed_lines": [196, 197, 200, 203, 204, 207, 208, 209, 211, 212, 213, 216, 217, 218, 220, 224, 225, 227, 228, 231, 234, 235, 237, 238, 239, 241, 242, 244], "summary": {"covered_lines": 28, "num_statements": 28, "percent_covered": 100.0, "percent_covered_display": "100", "missing_lines": 0, "excluded_lines": 0, "percent_statements_covered": 100.0, "percent_statements_covered_display": "100"}, "missing_lines": [], "excluded_lines": [], "start_line": 194}, "SyntheticDataset._generate_feature_metadata": {"executed_lines": [248, 251, 257], "summary": {"covered_lines": 3, "num_statements": 3, "percent_covered": 100.0, "percent_covered_display": "100", "missing_lines": 0, "excluded_lines": 0, "percent_statements_covered": 100.0, "percent_statements_covered_display": "100"}, "missing_lines": [], "excluded_lines": [], "start_line": 246}, "SyntheticDataset.get_ground_truth": {"executed_lines": [268, 270, 271, 273], "summary": {"covered_lines": 4, "num_statements": 4, "percent_covered": 100.0, "percent_covered_display": "100", "missing_lines": 0, "excluded_lines": 0, "percent_statements_covered": 100.0, "percent_statements_covered_display": "100"}, "missing_lines": [], "excluded_lines": [], "start_line": 261}, "create_benchmark_datasets": {"executed_lines": [288, 291, 300, 303, 312, 315, 324, 327, 337, 339], "summary": {"covered_lines": 10, "num_statements": 10, "percent_covered": 100.0, "percent_covered_display": "100", "missing_lines": 0, "excluded_lines": 0, "percent_statements_covered": 100.0, "percent_statements_covered_display": "100"}, "missing_lines": [], "excluded_lines": [], "start_line": 281}, "": {"executed_lines": [5, 6, 8, 11, 22, 58, 99, 115, 134, 154, 183, 194, 246, 261, 281], "summary": {"covered_lines": 15, "num_statements": 15, "percent_covered": 100.0, "percent_covered_display": "100", "missing_lines": 0, "excluded_lines": 0, "percent_statements_covered": 100.0, "percent_statements_covered_display": "100"}, "missing_lines": [], "excluded_lines": [], "start_line": 1}}, "classes": {"SyntheticDataset": {"executed_lines": [48, 49, 50, 51, 52, 53, 54, 55, 56, 65, 68, 69, 70, 72, 77, 80, 83, 86, 89, 92, 93, 95, 97, 101, 102, 104, 105, 106, 109, 110, 111, 113, 117, 118, 120, 121, 122, 125, 126, 127, 130, 132, 137, 140, 143, 145, 147, 150, 152, 157, 160, 161, 165, 166, 168, 169, 172, 173, 174, 176, 177, 179, 181, 186, 189, 190, 192, 196, 197, 200, 203, 204, 207, 208, 209, 211, 212, 213, 216, 217, 218, 220, 224, 225, 227, 228, 231, 234, 235, 237, 238, 239, 241, 242, 244, 248, 251, 257, 268, 270, 271, 273], "summary": {"covered_lines": 102, "num_statements": 102, "percent_covered": 100.0, "percent_covered_display": "100", "missing_lines": 0, "excluded_lines": 0, "percent_statements_covered": 100.0, "percent_statements_covered_display": "100"}, "missing_lines": [], "excluded_lines": [], "start_line": 11}, "": {"executed_lines": [5, 6, 8, 11, 22, 58, 99, 115, 134, 154, 183, 194, 246, 261, 281, 288, 291, 300, 303, 312, 315, 324, 327, 337, 339], "summary": {"covered_lines": 25, "num_statements": 25, "percent_covered": 100.0, "percent_covered_display": "100", "missing_lines": 0, "excluded_lines": 0, "percent_statements_covered": 100.0, "percent_statements_covered_display": "100"}, "missing_lines": [], "excluded_lines": [], "start_line": 1}}}, "scptensor/benchmark/visualization.py": {"executed_lines": [5, 6, 7, 8, 9, 10, 11, 13, 16, 27, 41, 48, 96, 186, 274, 379, 472, 594, 600], "summary": {"covered_lines": 19, "num_statements": 216, "percent_covered": 8.796296296296296, "percent_covered_display": "9", "missing_lines": 197, "excluded_lines": 0, "percent_statements_covered": 8.796296296296296, "percent_statements_covered_display": "9"}, "missing_lines": [34, 35, 36, 39, 43, 44, 46, 65, 67, 69, 72, 76, 80, 84, 89, 90, 94, 107, 108, 109, 111, 112, 115, 119, 120, 128, 129, 131, 132, 133, 134, 135, 136, 138, 139, 140, 143, 146, 147, 150, 151, 152, 153, 156, 166, 171, 172, 174, 175, 176, 178, 179, 180, 181, 183, 184, 194, 196, 197, 199, 202, 203, 204, 207, 209, 210, 213, 218, 230, 231, 243, 244, 254, 255, 256, 257, 258, 261, 262, 264, 266, 267, 268, 269, 271, 272, 280, 282, 283, 285, 287, 288, 291, 293, 294, 297, 309, 310, 319, 320, 321, 324, 325, 328, 329, 332, 341, 350, 359, 369, 371, 372, 373, 374, 376, 377, 383, 385, 386, 389, 394, 400, 401, 404, 411, 414, 417, 418, 419, 420, 421, 422, 423, 426, 427, 428, 429, 430, 431, 434, 435, 436, 437, 438, 439, 442, 443, 444, 445, 446, 447, 450, 451, 452, 453, 462, 464, 465, 466, 467, 469, 470, 480, 482, 483, 486, 502, 517, 520, 535, 538, 548, 550, 557, 560, 569, 573, 576, 581, 582, 583, 584, 585, 587, 588, 589, 591, 592, 598, 611, 612, 615, 617, 618, 620, 626, 628], "excluded_lines": [], "functions": {"ResultsVisualizer.__init__": {"executed_lines": [], "summary": {"covered_lines": 0, "num_statements": 4, "percent_covered": 0.0, "percent_covered_display": "0", "missing_lines": 4, "excluded_lines": 0, "percent_statements_covered": 0.0, "percent_statements_covered_display": "0"}, "missing_lines": [34, 35, 36, 39], "excluded_lines": [], "start_line": 27}, "ResultsVisualizer._setup_style": {"executed_lines": [], "summary": {"covered_lines": 0, "num_statements": 3, "percent_covered": 0.0, "percent_covered_display": "0", "missing_lines": 3, "excluded_lines": 0, "percent_statements_covered": 0.0, "percent_statements_covered_display": "0"}, "missing_lines": [43, 44, 46], "excluded_lines": [], "start_line": 41}, "ResultsVisualizer.create_comprehensive_report": {"executed_lines": [], "summary": {"covered_lines": 0, "num_statements": 10, "percent_covered": 0.0, "percent_covered_display": "0", "missing_lines": 10, "excluded_lines": 0, "percent_statements_covered": 0.0, "percent_statements_covered_display": "0"}, "missing_lines": [65, 67, 69, 72, 76, 80, 84, 89, 90, 94], "excluded_lines": [], "start_line": 48}, "ResultsVisualizer.method_comparison_heatmap": {"executed_lines": [], "summary": {"covered_lines": 0, "num_statements": 39, "percent_covered": 0.0, "percent_covered_display": "0", "missing_lines": 39, "excluded_lines": 0, "percent_statements_covered": 0.0, "percent_statements_covered_display": "0"}, "missing_lines": [107, 108, 109, 111, 112, 115, 119, 120, 128, 129, 131, 132, 133, 134, 135
[...]
 148, 198, 199, 202, 203, 205, 206, 208, 211, 213, 215, 216, 218, 220, 224, 226, 228, 229, 231, 233, 235, 283, 285, 287, 289, 291, 292, 293, 294, 295, 296, 298, 302, 303, 304, 305, 306, 307, 308, 310, 311, 312, 313, 314, 316, 317, 319], "excluded_lines": [14, 15, 322, 323, 324, 327, 328, 329, 330, 333, 334, 335, 336, 338, 339, 340, 341, 344, 345, 346, 347, 348, 351, 352, 353, 354, 357, 358, 359, 360, 363, 364, 365, 366, 369, 370, 371, 374, 375, 377, 378, 379, 382, 383, 384, 385, 388, 389, 390, 391, 392, 393, 394, 397, 398, 399, 400, 401, 402, 403, 404, 407, 408, 409, 410, 411, 412, 414, 415, 416, 417, 418, 420], "functions": {"asinh_transform": {"executed_lines": [], "summary": {"covered_lines": 0, "num_statements": 12, "percent_covered": 0.0, "percent_covered_display": "0", "missing_lines": 12, "excluded_lines": 0, "percent_statements_covered": 0.0, "percent_statements_covered_display": "0"}, "missing_lines": [57, 58, 60, 62, 63, 65, 66, 68, 69, 70, 71, 72], "excluded_lines": [], "start_line": 18}, "logicle_transform": {"executed_lines": [], "summary": {"covered_lines": 0, "num_statements": 12, "percent_covered": 0.0, "percent_covered_display": "0", "missing_lines": 12, "excluded_lines": 0, "percent_statements_covered": 0.0, "percent_statements_covered_display": "0"}, "missing_lines": [128, 129, 130, 131, 132, 133, 138, 140, 143, 144, 146, 148], "excluded_lines": [], "start_line": 75}, "quantile_normalize": {"executed_lines": [], "summary": {"covered_lines": 0, "num_statements": 20, "percent_covered": 0.0, "percent_covered_display": "0", "missing_lines": 20, "excluded_lines": 0, "percent_statements_covered": 0.0, "percent_statements_covered_display": "0"}, "missing_lines": [198, 199, 202, 203, 205, 206, 208, 211, 213, 215, 216, 218, 220, 224, 226, 228, 229, 231, 233, 235], "excluded_lines": [], "start_line": 151}, "robust_scale": {"executed_lines": [], "summary": {"covered_lines": 0, "num_statements": 26, "percent_covered": 0.0, "percent_covered_display": "0", "missing_lines": 26, "excluded_lines": 0, "percent_statements_covered": 0.0, "percent_statements_covered_display": "0"}, "missing_lines": [283, 285, 287, 289, 291, 292, 293, 294, 295, 296, 298, 302, 303, 304, 305, 306, 307, 308, 310, 311, 312, 313, 314, 316, 317, 319], "excluded_lines": [], "start_line": 238}, "": {"executed_lines": [7, 9, 11, 12, 18, 75, 151, 238], "summary": {"covered_lines": 8, "num_statements": 8, "percent_covered": 100.0, "percent_covered_display": "100", "missing_lines": 0, "excluded_lines": 73, "percent_statements_covered": 100.0, "percent_statements_covered_display": "100"}, "missing_lines": [], "excluded_lines": [14, 15, 322, 323, 324, 327, 328, 329, 330, 333, 334, 335, 336, 338, 339, 340, 341, 344, 345, 346, 347, 348, 351, 352, 353, 354, 357, 358, 359, 360, 363, 364, 365, 366, 369, 370, 371, 374, 375, 377, 378, 379, 382, 383, 384, 385, 388, 389, 390, 391, 392, 393, 394, 397, 398, 399, 400, 401, 402, 403, 404, 407, 408, 409, 410, 411, 412, 414, 415, 416, 417, 418, 420], "start_line": 1}}, "classes": {"": {"executed_lines": [7, 9, 11, 12, 18, 75, 151, 238], "summary": {"covered_lines": 8, "num_statements": 78, "percent_covered": 10.256410256410257, "percent_covered_display": "10", "missing_lines": 70, "excluded_lines": 73, "percent_statements_covered": 10.256410256410257, "percent_statements_covered_display": "10"}, "missing_lines": [57, 58, 60, 62, 63, 65, 66, 68, 69, 70, 71, 72, 128, 129, 130, 131, 132, 133, 138, 140, 143, 144, 146, 148, 198, 199, 202, 203, 205, 206, 208, 211, 213, 215, 216, 218, 220, 224, 226, 228, 229, 231, 233, 235, 283, 285, 287, 289, 291, 292, 293, 294, 295, 296, 298, 302, 303, 304, 305, 306, 307, 308, 310, 311, 312, 313, 314, 316, 317, 319], "excluded_lines": [14, 15, 322, 323, 324, 327, 328, 329, 330, 333, 334, 335, 336, 338, 339, 340, 341, 344, 345, 346, 347, 348, 351, 352, 353, 354, 357, 358, 359, 360, 363, 364, 365, 366, 369, 370, 371, 374, 375, 377, 378, 379, 382, 383, 384, 385, 388, 389, 390, 391, 392, 393, 394, 397, 398, 399, 400, 401, 402, 403, 404, 407, 408, 409, 410, 411, 412, 414, 415, 416, 417, 418, 420], "start_line": 1}}}, "scptensor/viz/__init__.py": {"executed_lines": [1, 2, 3, 4, 6], "summary": {"covered_lines": 5, "num_statements": 5, "percent_covered": 100.0, "percent_covered_display": "100", "missing_lines": 0, "excluded_lines": 0, "percent_statements_covered": 100.0, "percent_statements_covered_display": "100"}, "missing_lines": [], "excluded_lines": [], "functions": {"": {"executed_lines": [1, 2, 3, 4, 6], "summary": {"covered_lines": 5, "num_statements": 5, "percent_covered": 100.0, "percent_covered_display": "100", "missing_lines": 0, "excluded_lines": 0, "percent_statements_covered": 100.0, "percent_statements_covered_display": "100"}, "missing_lines": [], "excluded_lines": [], "start_line": 1}}, "classes": {"": {"executed_lines": [1, 2, 3, 4, 6], "summary": {"covered_lines": 5, "num_statements": 5, "percent_covered": 100.0, "percent_covered_display": "100", "missing_lines": 0, "excluded_lines": 0, "percent_statements_covered": 100.0, "percent_statements_covered_display": "100"}, "missing_lines": [], "excluded_lines": [], "start_line": 1}}}, "scptensor/viz/base/__init__.py": {"executed_lines": [1, 2, 3, 5], "summary": {"covered_lines": 4, "num_statements": 4, "percent_covered": 100.0, "percent_covered_display": "100", "missing_lines": 0, "excluded_lines": 0, "percent_statements_covered": 100.0, "percent_statements_covered_display": "100"}, "missing_lines": [], "excluded_lines": [], "functions": {"": {"executed_lines": [1, 2, 3, 5], "summary": {"covered_lines": 4, "num_statements": 4, "percent_covered": 100.0, "percent_covered_display": "100", "missing_lines": 0, "excluded_lines": 0, "percent_statements_covered": 100.0, "percent_statements_covered_display": "100"}, "missing_lines": [], "excluded_lines": [], "start_line": 1}}, "classes": {"": {"executed_lines": [1, 2, 3, 5], "summary": {"covered_lines": 4, "num_statements": 4, "percent_covered": 100.0, "percent_covered_display": "100", "missing_lines": 0, "excluded_lines": 0, "percent_statements_covered": 100.0, "percent_statements_covered_display": "100"}, "missing_lines": [], "excluded_lines": [], "start_line": 1}}}, "scptensor/viz/base/heatmap.py": {"executed_lines": [1, 3, 4, 6, 9], "summary": {"covered_lines": 5, "num_statements": 26, "percent_covered": 19.23076923076923, "percent_covered_display": "19", "missing_lines": 21, "excluded_lines": 0, "percent_statements_covered": 19.23076923076923, "percent_statements_covered_display": "19"}, "missing_lines": [21, 23, 24, 27, 30, 32, 33, 36, 41, 43, 44, 46, 49, 51, 52, 53, 55, 56, 57, 59, 61], "excluded_lines": [], "functions": {"heatmap": {"executed_lines": [], "summary": {"covered_lines": 0, "num_statements": 21, "percent_covered": 0.0, "percent_covered_display": "0", "missing_lines": 21, "excluded_lines": 0, "percent_statements_covered": 0.0, "percent_statements_covered_display": "0"}, "missing_lines": [21, 23, 24, 27, 30, 32, 33, 36, 41, 43, 44, 46, 49, 51, 52, 53, 55, 56, 57, 59, 61], "excluded_lines": [], "start_line": 9}, "": {"executed_lines": [1, 3, 4, 6, 9], "summary": {"covered_lines": 5, "num_statements": 5, "percent_covered": 100.0, "percent_covered_display": "100", "missing_lines": 0, "excluded_lines": 0, "percent_statements_covered": 100.0, "percent_statements_covered_display": "100"}, "missing_lines": [], "excluded_lines": [], "start_line": 1}}, "classes": {"": {"executed_lines": [1, 3, 4, 6, 9], "summary": {"covered_lines": 5, "num_statements": 26, "percent_covered": 19.23076923076923, "percent_covered_display": "19", "missing_lines": 21, "excluded_lines": 0, "percent_statements_covered": 19.23076923076923, "percent_statements_covered_display": "19"}, "missing_lines": [21, 23, 24, 27, 30, 32, 33, 36, 41, 43, 44, 46, 49, 51, 52, 53, 55, 56, 57, 59, 61], "excluded_lines": [], "start_line": 1}}}, "scptensor/viz/base/scatter.py": {"executed_lines": [1, 3, 4, 6, 9], "summary": {"covered_lines": 5, "num_statements": 36, "percent_covered": 13.88888888888889, "percent_covered_display": "14", "missing_lines": 31, "excluded_lines": 0, "percent_statements_covered": 13.88888888888889, "percent_statements_covered_display": "14"}, "missing_lines": [31, 33, 34, 36, 37, 39, 40, 43, 44, 46, 48, 49, 50, 61, 62, 68, 78, 80, 81, 82, 92, 93, 94, 105, 107, 108, 109, 110, 111, 112, 114], "excluded_lines": [], "functions": {"scatter": {"executed_lines": [], "summary": {"covered_lines": 0, "num_statements": 31, "percent_covered": 0.0, "percent_covered_display": "0", "missing_lines": 31, "excluded_lines": 0, "percent_statements_covered": 0.0, "percent_statements_covered_display": "0"}, "missing_lines": [31, 33, 34, 36, 37, 39, 40, 43, 44, 46, 48, 49, 50, 61, 62, 68, 78, 80, 81, 82, 92, 93, 94, 105, 107, 108, 109, 110, 111, 112, 114], "excluded_lines": [], "start_line": 9}, "": {"executed_lines": [1, 3, 4, 6, 9], "summary": {"covered_lines": 5, "num_statements": 5, "percent_covered": 100.0, "percent_covered_display": "100", "missing_lines": 0, "excluded_lines": 0, "percent_statements_covered": 100.0, "percent_statements_covered_display": "100"}, "missing_lines": [], "excluded_lines": [], "start_line": 1}}, "classes": {"": {"executed_lines": [1, 3, 4, 6, 9], "summary": {"covered_lines": 5, "num_statements": 36, "percent_covered": 13.88888888888889, "percent_covered_display": "14", "missing_lines": 31, "excluded_lines": 0, "percent_statements_covered": 13.88888888888889, "percent_statements_covered_display": "14"}, "missing_lines": [31, 33, 34, 36, 37, 39, 40, 43, 44, 46, 48, 49, 50, 61, 62, 68, 78, 80, 81, 82, 92, 93, 94, 105, 107, 108, 109, 110, 111, 112, 114], "excluded_lines": [], "start_line": 1}}}, "scptensor/viz/base/style.py": {"executed_lines": [1, 4], "summary": {"covered_lines": 2, "num_statements": 6, "percent_covered": 33.333333333333336, "percent_covered_display": "33", "missing_lines": 4, "excluded_lines": 0, "percent_statements_covered": 33.333333333333336, "percent_statements_covered_display": "33"}, "missing_lines": [6, 7, 8, 10], "excluded_lines": [], "functions": {"setup_style": {"executed_lines": [], "summary": {"covered_lines": 0, "num_statements": 4, "percent_covered": 0.0, "percent_covered_display": "0", "missing_lines": 4, "excluded_lines": 0, "percent_statements_covered": 0.0, "percent_statements_covered_display": "0"}, "missing_lines": [6, 7, 8, 10], "excluded_lines": [], "start_line": 4}, "": {"executed_lines": [1, 4], "summary": {"covered_lines": 2, "num_statements": 2, "percent_covered": 100.0, "percent_covered_display": "100", "missing_lines": 0, "excluded_lines": 0, "percent_statements_covered": 100.0, "percent_statements_covered_display": "100"}, "missing_lines": [], "excluded_lines": [], "start_line": 1}}, "classes": {"": {"executed_lines": [1, 4], "summary": {"covered_lines": 2, "num_statements": 6, "percent_covered": 33.333333333333336, "percent_covered_display": "33", "missing_lines": 4, "excluded_lines": 0, "percent_statements_covered": 33.333333333333336, "percent_statements_covered_display": "33"}, "missing_lines": [6, 7, 8, 10], "excluded_lines": [], "start_line": 1}}}, "scptensor/viz/base/violin.py": {"executed_lines": [1, 3, 4, 6, 9], "summary": {"covered_lines": 5, "num_statements": 20, "percent_covered": 25.0, "percent_covered_display": "25", "missing_lines": 15, "excluded_lines": 0, "percent_statements_covered": 25.0, "percent_statements_covered_display": "25"}, "missing_lines": [19, 21, 22, 24, 26, 27, 28, 29, 31, 32, 34, 35, 36, 37, 39], "excluded_lines": [], "functions": {"violin": {"executed_lines": [], "summary": {"covered_lines": 0, "num_statements": 15, "percent_covered": 0.0, "percent_covered_display": "0", "missing_lines": 15, "excluded_lines": 0, "percent_statements_covered": 0.0, "percent_statements_covered_display": "0"}, "missing_lines": [19, 21, 22, 24, 26, 27, 28, 29, 31, 32, 34, 35, 36, 37, 39], "excluded_lines": [], "start_line": 9}, "": {"executed_lines": [1, 3, 4, 6, 9], "summary": {"covered_lines": 5, "num_statements": 5, "percent_covered": 100.0, "percent_covered_display": "100", "missing_lines": 0, "excluded_lines": 0, "percent_statements_covered": 100.0, "percent_statements_covered_display": "100"}, "missing_lines": [], "excluded_lines": [], "start_line": 1}}, "classes": {"": {"executed_lines": [1, 3, 4, 6, 9], "summary": {"covered_lines": 5, "num_statements": 20, "percent_covered": 25.0, "percent_covered_display": "25", "missing_lines": 15, "excluded_lines": 0, "percent_statements_covered": 25.0, "percent_statements_covered_display": "25"}, "missing_lines": [19, 21, 22, 24, 26, 27, 28, 29, 31, 32, 34, 35, 36, 37, 39], "excluded_lines": [], "start_line": 1}}}, "scptensor/viz/recipes/__init__.py": {"executed_lines": [], "summary": {"covered_lines": 0, "num_statements": 0, "percent_covered": 100.0, "percent_covered_display": "100", "missing_lines": 0, "excluded_lines": 0, "percent_statements_covered": 100.0, "percent_statements_covered_display": "100"}, "missing_lines": [], "excluded_lines": [], "functions": {"": {"executed_lines": [], "summary": {"covered_lines": 0, "num_statements": 0, "percent_covered": 100.0, "percent_covered_display": "100", "missing_lines": 0, "excluded_lines": 0, "percent_statements_covered": 100.0, "percent_statements_covered_display": "100"}, "missing_lines": [], "excluded_lines": [], "start_line": 1}}, "classes": {"": {"executed_lines": [], "summary": {"covered_lines": 0, "num_statements": 0, "percent_covered": 100.0, "percent_covered_display": "100", "missing_lines": 0, "excluded_lines": 0, "percent_statements_covered": 100.0, "percent_statements_covered_display": "100"}, "missing_lines": [], "excluded_lines": [], "start_line": 1}}}, "scptensor/viz/recipes/embedding.py": {"executed_lines": [1, 2, 3, 5, 6, 9], "summary": {"covered_lines": 6, "num_statements": 43, "percent_covered": 13.953488372093023, "percent_covered_display": "14", "missing_lines": 37, "excluded_lines": 0, "percent_statements_covered": 13.953488372093023, "percent_statements_covered_display": "14"}, "missing_lines": [27, 28, 30, 32, 34, 35, 37, 39, 40, 42, 45, 46, 47, 49, 51, 55, 57, 62, 67, 70, 73, 79, 80, 81, 90, 93, 94, 95, 96, 98, 99, 104, 105, 106, 108, 112, 114], "excluded_lines": [], "functions": {"embedding": {"executed_lines": [], "summary": {"covered_lines": 0, "num_statements": 37, "percent_covered": 0.0, "percent_covered_display": "0", "missing_lines": 37, "excluded_lines": 0, "percent_statements_covered": 0.0, "percent_statements_covered_display": "0"}, "missing_lines": [27, 28, 30, 32, 34, 35, 37, 39, 40, 42, 45, 46, 47, 49, 51, 55, 57, 62, 67, 70, 73, 79, 80, 81, 90, 93, 94, 95, 96, 98, 99, 104, 105, 106, 108, 112, 114], "excluded_lines": [], "start_line": 9}, "": {"executed_lines": [1, 2, 3, 5, 6, 9], "summary": {"covered_lines": 6, "num_statements": 6, "percent_covered": 100.0, "percent_covered_display": "100", "missing_lines": 0, "excluded_lines": 0, "percent_statements_covered": 100.0, "percent_statements_covered_display": "100"}, "missing_lines": [], "excluded_lines": [], "start_line": 1}}, "classes": {"": {"executed_lines": [1, 2, 3, 5, 6, 9], "summary": {"covered_lines": 6, "num_statements": 43, "percent_covered": 13.953488372093023, "percent_covered_display": "14", "missing_lines": 37, "excluded_lines": 0, "percent_statements_covered": 13.953488372093023, "percent_statements_covered_display": "14"}, "missing_lines": [27, 28, 30, 32, 34, 35, 37, 39, 40, 42, 45, 46, 47, 49, 51, 55, 57, 62, 67, 70, 73, 79, 80, 81, 90, 93, 94, 95, 96, 98, 99, 104, 105, 106, 108, 112, 114], "excluded_lines": [], "start_line": 1}}}, "scptensor/viz/recipes/qc.py": {"executed_lines": [1, 2, 3, 5, 6, 7, 10, 73], "summary": {"covered_lines": 8, "num_statements": 49, "percent_covered": 16.3265306122449, "percent_covered_display": "16", "missing_lines": 41, "excluded_lines": 0, "percent_statements_covered": 16.3265306122449, "percent_statements_covered_display": "16"}, "missing_lines": [32, 34, 35, 37, 38, 39, 41, 44, 45, 48, 50, 52, 54, 55, 56, 58, 59, 60, 61, 64, 93, 95, 96, 98, 99, 100, 102, 103, 111, 112, 118, 120, 121, 122, 124, 127, 128, 130, 131, 132, 134], "excluded_lines": [], "functions": {"qc_completeness": {"executed_lines": [], "summary": {"covered_lines": 0, "num_statements": 20, "percent_covered": 0.0, "percent_covered_display": "0", "missing_lines": 20, "excluded_lines": 0, "percent_statements_covered": 0.0, "percent_statements_covered_display": "0"}, "missing_lines": [32, 34, 35, 37, 38, 39, 41, 44, 45, 48, 50, 52, 54, 55, 56, 58, 59, 60, 61, 64], "excluded_lines": [], "start_line": 10}, "qc_matrix_spy": {"executed_lines": [], "summary": {"covered_lines": 0, "num_statements": 21, "percent_covered": 0.0, "percent_covered_display": "0", "missing_lines": 21, "excluded_lines": 0, "percent_statements_covered": 0.0, "percent_statements_covered_display": "0"}, "missing_lines": [93, 95, 96, 98, 99, 100, 102, 103, 111, 112, 118, 120, 121, 122, 124, 127, 128, 130, 131, 132, 134], "excluded_lines": [], "start_line": 73}, "": {"executed_lines": [1, 2, 3, 5, 6, 7, 10, 73], "summary": {"covered_lines": 8, "num_statements": 8, "percent_covered": 100.0, "percent_covered_display": "100", "missing_lines": 0, "excluded_lines": 0, "percent_statements_covered": 100.0, "percent_statements_covered_display": "100"}, "missing_lines": [], "excluded_lines": [], "start_line": 1}}, "classes": {"": {"executed_lines": [1, 2, 3, 5, 6, 7, 10, 73], "summary": {"covered_lines": 8, "num_statements": 49, "percent_covered": 16.3265306122449, "percent_covered_display": "16", "missing_lines": 41, "excluded_lines": 0, "percent_statements_covered": 16.3265306122449, "percent_statements_covered_display": "16"}, "missing_lines": [32, 34, 35, 37, 38, 39, 41, 44, 45, 48, 50, 52, 54, 55, 56, 58, 59, 60, 61, 64, 93, 95, 96, 98, 99, 100, 102, 103, 111, 112, 118, 120, 121, 122, 124, 127, 128, 130, 131, 132, 134], "excluded_lines": [], "start_line": 1}}}, "scptensor/viz/recipes/stats.py": {"executed_lines": [1, 2, 4, 5, 8], "summary": {"covered_lines": 5, "num_statements": 35, "percent_covered": 14.285714285714286, "percent_covered_display": "14", "missing_lines": 30, "excluded_lines": 0, "percent_statements_covered": 14.285714285714286, "percent_statements_covered_display": "14"}, "missing_lines": [30, 31, 33, 36, 37, 38, 39, 41, 42, 43, 44, 46, 47, 51, 52, 53, 59, 61, 62, 63, 65, 66, 75, 79, 81, 83, 94, 95, 96, 98], "excluded_lines": [], "functions": {"volcano": {"executed_lines": [], "summary": {"covered_lines": 0, "num_statements": 30, "percent_covered": 0.0, "percent_covered_display": "0", "missing_lines": 30, "excluded_lines": 0, "percent_statements_covered": 0.0, "percent_statements_covered_display": "0"}, "missing_lines": [30, 31, 33, 36, 37, 38, 39, 41, 42, 43, 44, 46, 47, 51, 52, 53, 59, 61, 62, 63, 65, 66, 75, 79, 81, 83, 94, 95, 96, 98], "excluded_lines": [], "start_line": 8}, "": {"executed_lines": [1, 2, 4, 5, 8], "summary": {"covered_lines": 5, "num_statements": 5, "percent_covered": 100.0, "percent_covered_display": "100", "missing_lines": 0, "excluded_lines": 0, "percent_statements_covered": 100.0, "percent_statements_covered_display": "100"}, "missing_lines": [], "excluded_lines": [], "start_line": 1}}, "classes": {"": {"executed_lines": [1, 2, 4, 5, 8], "summary": {"covered_lines": 5, "num_statements": 35, "percent_covered": 14.285714285714286, "percent_covered_display": "14", "missing_lines": 30, "excluded_lines": 0, "percent_statements_covered": 14.285714285714286, "percent_statements_covered_display": "14"}, "missing_lines": [30, 31, 33, 36, 37, 38, 39, 41, 42, 43, 44, 46, 47, 51, 52, 53, 59, 61, 62, 63, 65, 66, 75, 79, 81, 83, 94, 95, 96, 98], "excluded_lines": [], "start_line": 1}}}}, "totals": {"covered_lines": 1263, "num_statements": 6433, "percent_covered": 19.633141613555107, "percent_covered_display": "20", "missing_lines": 5170, "excluded_lines": 1312, "percent_statements_covered": 19.633141613555107, "percent_statements_covered_display": "20"}}